{"meta": {"format": 3, "version": "7.13.3", "timestamp": "2026-02-12T21:01:06.347007", "branch_coverage": false, "show_contexts": false}, "files": {"src/admin/api/__init__.py": {"executed_lines": [9, 10, 11, 12, 14], "summary": {"covered_lines": 5, "num_statements": 5, "percent_covered": 100.0, "percent_covered_display": "100", "missing_lines": 0, "excluded_lines": 0, "percent_statements_covered": 100.0, "percent_statements_covered_display": "100"}, "missing_lines": [], "excluded_lines": [], "functions": {"": {"executed_lines": [9, 10, 11, 12, 14], "summary": {"covered_lines": 5, "num_statements": 5, "percent_covered": 100.0, "percent_covered_display": "100", "missing_lines": 0, "excluded_lines": 0, "percent_statements_covered": 100.0, "percent_statements_covered_display": "100"}, "missing_lines": [], "excluded_lines": [], "start_line": 1}}, "classes": {"": {"executed_lines": [9, 10, 11, 12, 14], "summary": {"covered_lines": 5, "num_statements": 5, "percent_covered": 100.0, "percent_covered_display": "100", "missing_lines": 0, "excluded_lines": 0, "percent_statements_covered": 100.0, "percent_statements_covered_display": "100"}, "missing_lines": [], "excluded_lines": [], "start_line": 1}}}, "src/admin/api/admin.py": {"executed_lines": [9, 10, 11, 13, 14, 15, 16, 17, 19, 20, 27, 28, 29, 30, 31, 33, 35, 39, 40, 41, 44, 45, 46, 49, 50, 51, 54, 55, 56, 57, 58, 62, 63, 89, 90, 190, 191, 211, 212, 235, 236, 268, 269, 289, 290, 335, 336, 364, 365, 387, 388, 417, 418, 451, 452, 472, 473], "summary": {"covered_lines": 57, "num_statements": 219, "percent_covered": 26.027397260273972, "percent_covered_display": "26", "missing_lines": 162, "excluded_lines": 0, "percent_statements_covered": 26.027397260273972, "percent_statements_covered_display": "26"}, "missing_lines": [69, 70, 79, 80, 81, 83, 84, 85, 86, 103, 105, 106, 108, 110, 111, 112, 115, 126, 127, 128, 131, 137, 138, 139, 141, 144, 145, 153, 155, 156, 159, 162, 163, 167, 168, 170, 171, 179, 181, 183, 185, 186, 187, 197, 198, 203, 205, 206, 207, 208, 218, 219, 222, 224, 225, 227, 228, 229, 230, 231, 232, 242, 244, 247, 249, 250, 253, 256, 257, 259, 260, 261, 262, 263, 264, 275, 276, 281, 283, 284, 285, 286, 298, 299, 305, 307, 308, 310, 311, 312, 314, 315, 318, 326, 327, 328, 329, 330, 331, 344, 345, 354, 355, 356, 358, 359, 360, 361, 372, 373, 379, 381, 382, 383, 384, 394, 395, 400, 402, 403, 405, 406, 408, 409, 410, 411, 412, 413, 425, 426, 427, 428, 430, 439, 440, 441, 443, 444, 445, 446, 447, 448, 458, 459, 464, 466, 467, 468, 469, 479, 480, 485, 487, 488, 490, 491, 493, 494, 495, 496, 497, 498], "excluded_lines": [], "functions": {"create_presentation": {"executed_lines": [], "summary": {"covered_lines": 0, "num_statements": 9, "percent_covered": 0.0, "percent_covered_display": "0", "missing_lines": 9, "excluded_lines": 0, "percent_statements_covered": 0.0, "percent_statements_covered_display": "0"}, "missing_lines": [69, 70, 79, 80, 81, 83, 84, 85, 86], "excluded_lines": [], "start_line": 63}, "upload_presentation": {"executed_lines": [], "summary": {"covered_lines": 0, "num_statements": 34, "percent_covered": 0.0, "percent_covered_display": "0", "missing_lines": 34, "excluded_lines": 0, "percent_statements_covered": 0.0, "percent_statements_covered_display": "0"}, "missing_lines": [103, 105, 106, 108, 110, 111, 112, 115, 126, 127, 128, 131, 137, 138, 139, 141, 144, 145, 153, 155, 156, 159, 162, 163, 167, 168, 170, 171, 179, 181, 183, 185, 186, 187], "excluded_lines": [], "start_line": 90}, "list_presentations": {"executed_lines": [], "summary": {"covered_lines": 0, "num_statements": 7, "percent_covered": 0.0, "percent_covered_display": "0", "missing_lines": 7, "excluded_lines": 0, "percent_statements_covered": 0.0, "percent_statements_covered_display": "0"}, "missing_lines": [197, 198, 203, 205, 206, 207, 208], "excluded_lines": [], "start_line": 191}, "get_presentation": {"executed_lines": [], "summary": {"covered_lines": 0, "num_statements": 11, "percent_covered": 0.0, "percent_covered_display": "0", "missing_lines": 11, "excluded_lines": 0, "percent_statements_covered": 0.0, "percent_statements_covered_display": "0"}, "missing_lines": [218, 219, 222, 224, 225, 227, 228, 229, 230, 231, 232], "excluded_lines": [], "start_line": 212}, "delete_presentation": {"executed_lines": [], "summary": {"covered_lines": 0, "num_statements": 14, "percent_covered": 0.0, "percent_covered_display": "0", "missing_lines": 14, "excluded_lines": 0, "percent_statements_covered": 0.0, "percent_statements_covered_display": "0"}, "missing_lines": [242, 244, 247, 249, 250, 253, 256, 257, 259, 260, 261, 262, 263, 264], "excluded_lines": [], "start_line": 236}, "list_pages": {"executed_lines": [], "summary": {"covered_lines": 0, "num_statements": 7, "percent_covered": 0.0, "percent_covered_display": "0", "missing_lines": 7, "excluded_lines": 0, "percent_statements_covered": 0.0, "percent_statements_covered_display": "0"}, "missing_lines": [275, 276, 281, 283, 284, 285, 286], "excluded_lines": [], "start_line": 269}, "update_page": {"executed_lines": [], "summary": {"covered_lines": 0, "num_statements": 17, "percent_covered": 0.0, "percent_covered_display": "0", "missing_lines": 17, "excluded_lines": 0, "percent_statements_covered": 0.0, "percent_statements_covered_display": "0"}, "missing_lines": [298, 299, 305, 307, 308, 310, 311, 312, 314, 315, 318, 326, 327, 328, 329, 330, 331], "excluded_lines": [], "start_line": 290}, "create_talking_point": {"executed_lines": [], "summary": {"covered_lines": 0, "num_statements": 9, "percent_covered": 0.0, "percent_covered_display": "0", "missing_lines": 9, "excluded_lines": 0, "percent_statements_covered": 0.0, "percent_statements_covered_display": "0"}, "missing_lines": [344, 345, 354, 355, 356, 358, 359, 360, 361], "excluded_lines": [], "start_line": 336}, "list_talking_points": {"executed_lines": [], "summary": {"covered_lines": 0, "num_statements": 7, "percent_covered": 0.0, "percent_covered_display": "0", "missing_lines": 7, "excluded_lines": 0, "percent_statements_covered": 0.0, "percent_statements_covered_display": "0"}, "missing_lines": [372, 373, 379, 381, 382, 383, 384], "excluded_lines": [], "start_line": 365}, "delete_talking_point": {"executed_lines": [], "summary": {"covered_lines": 0, "num_statements": 13, "percent_covered": 0.0, "percent_covered_display": "0", "missing_lines": 13, "excluded_lines": 0, "percent_statements_covered": 0.0, "percent_statements_covered_display": "0"}, "missing_lines": [394, 395, 400, 402, 403, 405, 406, 408, 409, 410, 411, 412, 413], "excluded_lines": [], "start_line": 388}, "create_forbidden_word": {"executed_lines": [], "summary": {"covered_lines": 0, "num_statements": 14, "percent_covered": 0.0, "percent_covered_display": "0", "missing_lines": 14, "excluded_lines": 0, "percent_statements_covered": 0.0, "percent_statements_covered_display": "0"}, "missing_lines": [425, 426, 427, 428, 430, 439, 440, 441, 443, 444, 445, 446, 447, 448], "excluded_lines": [], "start_line": 418}, "list_forbidden_words": {"executed_lines": [], "summary": {"covered_lines": 0, "num_statements": 7, "percent_covered": 0.0, "percent_covered_display": "0", "missing_lines": 7, "excluded_lines": 0, "percent_statements_covered": 0.0, "percent_statements_covered_display": "0"}, "missing_lines": [458, 459, 464, 466, 467, 468, 469], "excluded_lines": [], "start_line": 452}, "delete_forbidden_word": {"executed_lines": [], "summary": {"covered_lines": 0, "num_statements": 13, "percent_covered": 0.0, "percent_covered_display": "0", "missing_lines": 13, "excluded_lines": 0, "percent_statements_covered": 0.0, "percent_statements_covered_display": "0"}, "missing_lines": [479, 480, 485, 487, 488, 490, 491, 493, 494, 495, 496, 497, 498], "excluded_lines": [], "start_line": 473}, "": {"executed_lines": [9, 10, 11, 13, 14, 15, 16, 17, 19, 20, 27, 28, 29, 30, 31, 33, 35, 39, 40, 41, 44, 45, 46, 49, 50, 51, 54, 55, 56, 57, 58, 62, 63, 89, 90, 190, 191, 211, 212, 235, 236, 268, 269, 289, 290, 335, 336, 364, 365, 387, 388, 417, 418, 451, 452, 472, 473], "summary": {"covered_lines": 57, "num_statements": 57, "percent_covered": 100.0, "percent_covered_display": "100", "missing_lines": 0, "excluded_lines": 0, "percent_statements_covered": 100.0, "percent_statements_covered_display": "100"}, "missing_lines": [], "excluded_lines": [], "start_line": 1}}, "classes": {"PresentationCreate": {"executed_lines": [], "summary": {"covered_lines": 0, "num_statements": 0, "percent_covered": 100.0, "percent_covered_display": "100", "missing_lines": 0, "excluded_lines": 0, "percent_statements_covered": 100.0, "percent_statements_covered_display": "100"}, "missing_lines": [], "excluded_lines": [], "start_line": 39}, "PageUpdate": {"executed_lines": [], "summary": {"covered_lines": 0, "num_statements": 0, "percent_covered": 100.0, "percent_covered_display": "100", "missing_lines": 0, "excluded_lines": 0, "percent_statements_covered": 100.0, "percent_statements_covered_display": "100"}, "missing_lines": [], "excluded_lines": [], "start_line": 44}, "TalkingPointCreate": {"executed_lines": [], "summary": {"covered_lines": 0, "num_statements": 0, "percent_covered": 100.0, "percent_covered_display": "100", "missing_lines": 0, "excluded_lines": 0, "percent_statements_covered": 100.0, "percent_statements_covered_display": "100"}, "missing_lines": [], "excluded_lines": [], "start_line": 49}, "ForbiddenWordCreate": {"executed_lines": [], "summary": {"covered_lines": 0, "num_statements": 0, "percent_covered": 100.0, "percent_covered_display": "100", "missing_lines": 0, "excluded_lines": 0, "percent_statements_covered": 100.0, "percent_statements_covered_display": "100"}, "missing_lines": [], "excluded_lines": [], "start_line": 54}, "": {"executed_lines": [9, 10, 11, 13, 14, 15, 16, 17, 19, 20, 27, 28, 29, 30, 31, 33, 35, 39, 40, 41, 44, 45, 46, 49, 50, 51, 54, 55, 56, 57, 58, 62, 63, 89, 90, 190, 191, 211, 212, 235, 236, 268, 269, 289, 290, 335, 336, 364, 365, 387, 388, 417, 418, 451, 452, 472, 473], "summary": {"covered_lines": 57, "num_statements": 219, "percent_covered": 26.027397260273972, "percent_covered_display": "26", "missing_lines": 162, "excluded_lines": 0, "percent_statements_covered": 26.027397260273972, "percent_statements_covered_display": "26"}, "missing_lines": [69, 70, 79, 80, 81, 83, 84, 85, 86, 103, 105, 106, 108, 110, 111, 112, 115, 126, 127, 128, 131, 137, 138, 139, 141, 144, 145, 153, 155, 156, 159, 162, 163, 167, 168, 170, 171, 179, 181, 183, 185, 186, 187, 197, 198, 203, 205, 206, 207, 208, 218, 219, 222, 224, 225, 227, 228, 229, 230, 231, 232, 242, 244, 247, 249, 250, 253, 256, 257, 259, 260, 261, 262, 263, 264, 275, 276, 281, 283, 284, 285, 286, 298, 299, 305, 307, 308, 310, 311, 312, 314, 315, 318, 326, 327, 328, 329, 330, 331, 344, 345, 354, 355, 356, 358, 359, 360, 361, 372, 373, 379, 381, 382, 383, 384, 394, 395, 400, 402, 403, 405, 406, 408, 409, 410, 411, 412, 413, 425, 426, 427, 428, 430, 439, 440, 441, 443, 444, 445, 446, 447, 448, 458, 459, 464, 466, 467, 468, 469, 479, 480, 485, 487, 488, 490, 491, 493, 494, 495, 496, 497, 498], "excluded_lines": [], "start_line": 1}}}, "src/admin/api/analytics.py": {"executed_lines": [14, 16, 17, 18, 19, 21, 22, 23, 24, 26, 27, 28, 29, 30, 32, 34, 38, 40, 41, 42, 45, 47, 48, 49, 50, 51, 52, 53, 54, 55, 56, 59, 61, 62, 63, 64, 67, 69, 70, 71, 72, 75, 77, 78, 81, 83, 84, 85, 86, 87, 88, 91, 93, 94, 95, 96, 97, 100, 102, 103, 104, 107, 109, 110, 111, 112, 113, 114, 115, 116, 119, 121, 124, 133, 143, 144, 187, 188, 225, 226, 264, 265, 303, 304, 343, 344, 384, 385, 422, 423, 458, 459], "summary": {"covered_lines": 92, "num_statements": 188, "percent_covered": 48.93617021276596, "percent_covered_display": "49", "missing_lines": 96, "excluded_lines": 0, "percent_statements_covered": 48.93617021276596, "percent_statements_covered_display": "49"}, "missing_lines": [126, 135, 159, 168, 174, 175, 181, 182, 184, 201, 210, 216, 217, 222, 240, 249, 255, 256, 261, 279, 288, 294, 295, 300, 318, 319, 321, 329, 334, 335, 340, 355, 356, 358, 367, 373, 374, 379, 395, 396, 398, 406, 411, 412, 417, 433, 434, 436, 444, 449, 450, 455, 470, 480, 481, 482, 485, 486, 489, 490, 492, 493, 494, 495, 496, 497, 498, 499, 500, 501, 502, 504, 507, 508, 510, 511, 512, 513, 514, 515, 517, 520, 521, 523, 524, 525, 532, 535, 536, 538, 539, 540, 551, 552, 555, 556], "excluded_lines": [], "functions": {"success_response": {"executed_lines": [], "summary": {"covered_lines": 0, "num_statements": 1, "percent_covered": 0.0, "percent_covered_display": "0", "missing_lines": 1, "excluded_lines": 0, "percent_statements_covered": 0.0, "percent_statements_covered_display": "0"}, "missing_lines": [126], "excluded_lines": [], "start_line": 124}, "error_response": {"executed_lines": [], "summary": {"covered_lines": 0, "num_statements": 1, "percent_covered": 0.0, "percent_covered_display": "0", "missing_lines": 1, "excluded_lines": 0, "percent_statements_covered": 0.0, "percent_statements_covered_display": "0"}, "missing_lines": [135], "excluded_lines": [], "start_line": 133}, "get_analytics_overview": {"executed_lines": [], "summary": {"covered_lines": 0, "num_statements": 7, "percent_covered": 0.0, "percent_covered_display": "0", "missing_lines": 7, "excluded_lines": 0, "percent_statements_covered": 0.0, "percent_statements_covered_display": "0"}, "missing_lines": [159, 168, 174, 175, 181, 182, 184], "excluded_lines": [], "start_line": 144}, "get_trends_data": {"executed_lines": [], "summary": {"covered_lines": 0, "num_statements": 5, "percent_covered": 0.0, "percent_covered_display": "0", "missing_lines": 5, "excluded_lines": 0, "percent_statements_covered": 0.0, "percent_statements_covered_display": "0"}, "missing_lines": [201, 210, 216, 217, 222], "excluded_lines": [], "start_line": 188}, "get_agent_stats": {"executed_lines": [], "summary": {"covered_lines": 0, "num_statements": 5, "percent_covered": 0.0, "percent_covered_display": "0", "missing_lines": 5, "excluded_lines": 0, "percent_statements_covered": 0.0, "percent_statements_covered_display": "0"}, "missing_lines": [240, 249, 255, 256, 261], "excluded_lines": [], "start_line": 226}, "get_leaderboard": {"executed_lines": [], "summary": {"covered_lines": 0, "num_statements": 5, "percent_covered": 0.0, "percent_covered_display": "0", "missing_lines": 5, "excluded_lines": 0, "percent_statements_covered": 0.0, "percent_statements_covered_display": "0"}, "missing_lines": [279, 288, 294, 295, 300], "excluded_lines": [], "start_line": 265}, "get_runtime_metrics": {"executed_lines": [], "summary": {"covered_lines": 0, "num_statements": 7, "percent_covered": 0.0, "percent_covered_display": "0", "missing_lines": 7, "excluded_lines": 0, "percent_statements_covered": 0.0, "percent_statements_covered_display": "0"}, "missing_lines": [318, 319, 321, 329, 334, 335, 340], "excluded_lines": [], "start_line": 304}, "get_policy_effectiveness": {"executed_lines": [], "summary": {"covered_lines": 0, "num_statements": 7, "percent_covered": 0.0, "percent_covered_display": "0", "missing_lines": 7, "excluded_lines": 0, "percent_statements_covered": 0.0, "percent_statements_covered_display": "0"}, "missing_lines": [355, 356, 358, 367, 373, 374, 379], "excluded_lines": [], "start_line": 344}, "get_voice_mode_comparison": {"executed_lines": [], "summary": {"covered_lines": 0, "num_statements": 7, "percent_covered": 0.0, "percent_covered_display": "0", "missing_lines": 7, "excluded_lines": 0, "percent_statements_covered": 0.0, "percent_statements_covered_display": "0"}, "missing_lines": [395, 396, 398, 406, 411, 412, 417], "excluded_lines": [], "start_line": 385}, "get_fallback_metrics": {"executed_lines": [], "summary": {"covered_lines": 0, "num_statements": 7, "percent_covered": 0.0, "percent_covered_display": "0", "missing_lines": 7, "excluded_lines": 0, "percent_statements_covered": 0.0, "percent_statements_covered_display": "0"}, "missing_lines": [433, 434, 436, 444, 449, 450, 455], "excluded_lines": [], "start_line": 423}, "export_analytics": {"executed_lines": [], "summary": {"covered_lines": 0, "num_statements": 44, "percent_covered": 0.0, "percent_covered_display": "0", "missing_lines": 44, "excluded_lines": 0, "percent_statements_covered": 0.0, "percent_statements_covered_display": "0"}, "missing_lines": [470, 480, 481, 482, 485, 486, 489, 490, 492, 493, 494, 495, 496, 497, 498, 499, 500, 501, 502, 504, 507, 508, 510, 511, 512, 513, 514, 515, 517, 520, 521, 523, 524, 525, 532, 535, 536, 538, 539, 540, 551, 552, 555, 556], "excluded_lines": [], "start_line": 459}, "": {"executed_lines": [14, 16, 17, 18, 19, 21, 22, 23, 24, 26, 27, 28, 29, 30, 32, 34, 38, 40, 41, 42, 45, 47, 48, 49, 50, 51, 52, 53, 54, 55, 56, 59, 61, 62, 63, 64, 67, 69, 70, 71, 72, 75, 77, 78, 81, 83, 84, 85, 86, 87, 88, 91, 93, 94, 95, 96, 97, 100, 102, 103, 104, 107, 109, 110, 111, 112, 113, 114, 115, 116, 119, 121, 124, 133, 143, 144, 187, 188, 225, 226, 264, 265, 303, 304, 343, 344, 384, 385, 422, 423, 458, 459], "summary": {"covered_lines": 92, "num_statements": 92, "percent_covered": 100.0, "percent_covered_display": "100", "missing_lines": 0, "excluded_lines": 0, "percent_statements_covered": 100.0, "percent_statements_covered_display": "100"}, "missing_lines": [], "excluded_lines": [], "start_line": 1}}, "classes": {"GrowthMetrics": {"executed_lines": [], "summary": {"covered_lines": 0, "num_statements": 0, "percent_covered": 100.0, "percent_covered_display": "100", "missing_lines": 0, "excluded_lines": 0, "percent_statements_covered": 100.0, "percent_statements_covered_display": "100"}, "missing_lines": [], "excluded_lines": [], "start_line": 38}, "OverviewResponse": {"executed_lines": [], "summary": {"covered_lines": 0, "num_statements": 0, "percent_covered": 100.0, "percent_covered_display": "100", "missing_lines": 0, "excluded_lines": 0, "percent_statements_covered": 100.0, "percent_statements_covered_display": "100"}, "missing_lines": [], "excluded_lines": [], "start_line": 45}, "TrendDataPoint": {"executed_lines": [], "summary": {"covered_lines": 0, "num_statements": 0, "percent_covered": 100.0, "percent_covered_display": "100", "missing_lines": 0, "excluded_lines": 0, "percent_statements_covered": 100.0, "percent_statements_covered_display": "100"}, "missing_lines": [], "excluded_lines": [], "start_line": 59}, "ScoreDistribution": {"executed_lines": [], "summary": {"covered_lines": 0, "num_statements": 0, "percent_covered": 100.0, "percent_covered_display": "100", "missing_lines": 0, "excluded_lines": 0, "percent_statements_covered": 100.0, "percent_statements_covered_display": "100"}, "missing_lines": [], "excluded_lines": [], "start_line": 67}, "TrendsResponse": {"executed_lines": [], "summary": {"covered_lines": 0, "num_statements": 0, "percent_covered": 100.0, "percent_covered_display": "100", "missing_lines": 0, "excluded_lines": 0, "percent_statements_covered": 100.0, "percent_statements_covered_display": "100"}, "missing_lines": [], "excluded_lines": [], "start_line": 75}, "AgentStatsItem": {"executed_lines": [], "summary": {"covered_lines": 0, "num_statements": 0, "percent_covered": 100.0, "percent_covered_display": "100", "missing_lines": 0, "excluded_lines": 0, "percent_statements_covered": 100.0, "percent_statements_covered_display": "100"}, "missing_lines": [], "excluded_lines": [], "start_line": 81}, "PersonaStatsItem": {"executed_lines": [], "summary": {"covered_lines": 0, "num_statements": 0, "percent_covered": 100.0, "percent_covered_display": "100", "missing_lines": 0, "excluded_lines": 0, "percent_statements_covered": 100.0, "percent_statements_covered_display": "100"}, "missing_lines": [], "excluded_lines": [], "start_line": 91}, "AgentsResponse": {"executed_lines": [], "summary": {"covered_lines": 0, "num_statements": 0, "percent_covered": 100.0, "percent_covered_display": "100", "missing_lines": 0, "excluded_lines": 0, "percent_statements_covered": 100.0, "percent_statements_covered_display": "100"}, "missing_lines": [], "excluded_lines": [], "start_line": 100}, "LeaderboardEntry": {"executed_lines": [], "summary": {"covered_lines": 0, "num_statements": 0, "percent_covered": 100.0, "percent_covered_display": "100", "missing_lines": 0, "excluded_lines": 0, "percent_statements_covered": 100.0, "percent_statements_covered_display": "100"}, "missing_lines": [], "excluded_lines": [], "start_line": 107}, "LeaderboardResponse": {"executed_lines": [], "summary": {"covered_lines": 0, "num_statements": 0, "percent_covered": 100.0, "percent_covered_display": "100", "missing_lines": 0, "excluded_lines": 0, "percent_statements_covered": 100.0, "percent_statements_covered_display": "100"}, "missing_lines": [], "excluded_lines": [], "start_line": 119}, "": {"executed_lines": [14, 16, 17, 18, 19, 21, 22, 23, 24, 26, 27, 28, 29, 30, 32, 34, 38, 40, 41, 42, 45, 47, 48, 49, 50, 51, 52, 53, 54, 55, 56, 59, 61, 62, 63, 64, 67, 69, 70, 71, 72, 75, 77, 78, 81, 83, 84, 85, 86, 87, 88, 91, 93, 94, 95, 96, 97, 100, 102, 103, 104, 107, 109, 110, 111, 112, 113, 114, 115, 116, 119, 121, 124, 133, 143, 144, 187, 188, 225, 226, 264, 265, 303, 304, 343, 344, 384, 385, 422, 423, 458, 459], "summary": {"covered_lines": 92, "num_statements": 188, "percent_covered": 48.93617021276596, "percent_covered_display": "49", "missing_lines": 96, "excluded_lines": 0, "percent_statements_covered": 48.93617021276596, "percent_statements_covered_display": "49"}, "missing_lines": [126, 135, 159, 168, 174, 175, 181, 182, 184, 201, 210, 216, 217, 222, 240, 249, 255, 256, 261, 279, 288, 294, 295, 300, 318, 319, 321, 329, 334, 335, 340, 355, 356, 358, 367, 373, 374, 379, 395, 396, 398, 406, 411, 412, 417, 433, 434, 436, 444, 449, 450, 455, 470, 480, 481, 482, 485, 486, 489, 490, 492, 493, 494, 495, 496, 497, 498, 499, 500, 501, 502, 504, 507, 508, 510, 511, 512, 513, 514, 515, 517, 520, 521, 523, 524, 525, 532, 535, 536, 538, 539, 540, 551, 552, 555, 556], "excluded_lines": [], "start_line": 1}}}, "src/admin/api/model_configs.py": {"executed_lines": [11, 12, 13, 14, 16, 17, 18, 19, 20, 22, 23, 24, 25, 38, 39, 40, 41, 43, 45, 52, 75, 79, 87, 95, 125, 145, 180, 205, 206, 312, 313, 373, 374, 410, 411, 524, 525, 586, 603, 604, 687, 688, 763, 786, 830, 874, 912, 953, 954], "summary": {"covered_lines": 49, "num_statements": 355, "percent_covered": 13.80281690140845, "percent_covered_display": "14", "missing_lines": 306, "excluded_lines": 0, "percent_statements_covered": 13.80281690140845, "percent_statements_covered_display": "14"}, "missing_lines": [76, 80, 81, 82, 83, 84, 88, 89, 90, 91, 92, 101, 102, 108, 109, 115, 116, 122, 130, 141, 142, 147, 149, 150, 151, 152, 153, 155, 156, 157, 158, 159, 161, 162, 163, 164, 165, 167, 168, 169, 170, 171, 173, 174, 175, 176, 177, 182, 183, 185, 187, 217, 218, 224, 225, 228, 235, 236, 238, 239, 245, 246, 247, 248, 249, 254, 257, 258, 261, 274, 275, 276, 278, 280, 289, 302, 303, 304, 305, 323, 324, 325, 326, 327, 329, 330, 333, 341, 342, 353, 354, 355, 356, 357, 358, 359, 360, 362, 364, 365, 366, 381, 382, 383, 384, 386, 387, 393, 394, 395, 396, 397, 399, 401, 402, 403, 423, 424, 425, 426, 428, 429, 435, 436, 438, 439, 446, 447, 448, 449, 450, 451, 452, 453, 454, 455, 458, 459, 460, 461, 462, 467, 468, 469, 475, 478, 479, 480, 481, 482, 483, 484, 489, 490, 492, 494, 495, 497, 499, 509, 514, 515, 516, 517, 535, 536, 537, 538, 540, 541, 547, 550, 551, 552, 553, 559, 561, 562, 564, 566, 574, 576, 577, 578, 579, 588, 594, 595, 597, 598, 617, 618, 619, 620, 622, 623, 629, 630, 631, 632, 633, 640, 642, 645, 646, 647, 651, 652, 658, 659, 662, 663, 664, 666, 674, 676, 677, 678, 697, 698, 704, 705, 714, 725, 726, 727, 731, 732, 738, 739, 741, 750, 752, 753, 754, 771, 772, 773, 774, 775, 776, 777, 778, 780, 788, 789, 791, 797, 803, 804, 810, 811, 817, 823, 824, 832, 833, 835, 840, 845, 846, 852, 853, 854, 855, 861, 867, 868, 876, 877, 879, 880, 881, 887, 892, 893, 900, 905, 906, 914, 915, 917, 919, 924, 925, 926, 930, 939, 944, 945, 969, 970, 971, 973, 975, 976, 978, 987, 988, 989, 990, 992, 994, 1002, 1003, 1005], "excluded_lines": [], "functions": {"_is_provider_supported": {"executed_lines": [], "summary": {"covered_lines": 0, "num_statements": 1, "percent_covered": 0.0, "percent_covered_display": "0", "missing_lines": 1, "excluded_lines": 0, "percent_statements_covered": 0.0, "percent_statements_covered_display": "0"}, "missing_lines": [76], "excluded_lines": [], "start_line": 75}, "_requires_api_key": {"executed_lines": [], "summary": {"covered_lines": 0, "num_statements": 5, "percent_covered": 0.0, "percent_covered_display": "0", "missing_lines": 5, "excluded_lines": 0, "percent_statements_covered": 0.0, "percent_statements_covered_display": "0"}, "missing_lines": [80, 81, 82, 83, 84], "excluded_lines": [], "start_line": 79}, "_requires_base_url": {"executed_lines": [], "summary": {"covered_lines": 0, "num_statements": 5, "percent_covered": 0.0, "percent_covered_display": "0", "missing_lines": 5, "excluded_lines": 0, "percent_statements_covered": 0.0, "percent_statements_covered_display": "0"}, "missing_lines": [88, 89, 90, 91, 92], "excluded_lines": [], "start_line": 87}, "_validate_config_fields": {"executed_lines": [], "summary": {"covered_lines": 0, "num_statements": 7, "percent_covered": 0.0, "percent_covered_display": "0", "missing_lines": 7, "excluded_lines": 0, "percent_statements_covered": 0.0, "percent_statements_covered_display": "0"}, "missing_lines": [101, 102, 108, 109, 115, 116, 122], "excluded_lines": [], "start_line": 95}, "_find_replacement_default": {"executed_lines": [], "summary": {"covered_lines": 0, "num_statements": 3, "percent_covered": 0.0, "percent_covered_display": "0", "missing_lines": 3, "excluded_lines": 0, "percent_statements_covered": 0.0, "percent_statements_covered_display": "0"}, "missing_lines": [130, 141, 142], "excluded_lines": [], "start_line": 125}, "_refresh_runtime_services": {"executed_lines": [], "summary": {"covered_lines": 0, "num_statements": 26, "percent_covered": 0.0, "percent_covered_display": "0", "missing_lines": 26, "excluded_lines": 0, "percent_statements_covered": 0.0, "percent_statements_covered_display": "0"}, "missing_lines": [147, 149, 150, 151, 152, 153, 155, 156, 157, 158, 159, 161, 162, 163, 164, 165, 167, 168, 169, 170, 171, 173, 174, 175, 176, 177], "excluded_lines": [], "start_line": 145}, "_config_to_response": {"executed_lines": [], "summary": {"covered_lines": 0, "num_statements": 4, "percent_covered": 0.0, "percent_covered_display": "0", "missing_lines": 4, "excluded_lines": 0, "percent_statements_covered": 0.0, "percent_statements_covered_display": "0"}, "missing_lines": [182, 183, 185, 187], "excluded_lines": [], "start_line": 180}, "create_model_config": {"executed_lines": [], "summary": {"covered_lines": 0, "num_statements": 28, "percent_covered": 0.0, "percent_covered_display": "0", "missing_lines": 28, "excluded_lines": 0, "percent_statements_covered": 0.0, "percent_statements_covered_display": "0"}, "missing_lines": [217, 218, 224, 225, 228, 235, 236, 238, 239, 245, 246, 247, 248, 249, 254, 257, 258, 261, 274, 275, 276, 278, 280, 289, 302, 303, 304, 305], "excluded_lines": [], "start_line": 206}, "list_model_configs": {"executed_lines": [], "summary": {"covered_lines": 0, "num_statements": 22, "percent_covered": 0.0, "percent_covered_display": "0", "missing_lines": 22, "excluded_lines": 0, "percent_statements_covered": 0.0, "percent_statements_covered_display": "0"}, "missing_lines": [323, 324, 325, 326, 327, 329, 330, 333, 341, 342, 353, 354, 355, 356, 357, 358, 359, 360, 362, 364, 365, 366], "excluded_lines": [], "start_line": 313}, "get_model_config": {"executed_lines": [], "summary": {"covered_lines": 0, "num_statements": 15, "percent_covered": 0.0, "percent_covered_display": "0", "missing_lines": 15, "excluded_lines": 0, "percent_statements_covered": 0.0, "percent_statements_covered_display": "0"}, "missing_lines": [381, 382, 383, 384, 386, 387, 393, 394, 395, 396, 397, 399, 401, 402, 403], "excluded_lines": [], "start_line": 374}, "update_model_config": {"executed_lines": [], "summary": {"covered_lines": 0, "num_statements": 48, "percent_covered": 0.0, "percent_covered_display": "0", "missing_lines": 48, "excluded_lines": 0, "percent_statements_covered": 0.0, "percent_statements_covered_display": "0"}, "missing_lines": [423, 424, 425, 426, 428, 429, 435, 436, 438, 439, 446, 447, 448, 449, 450, 451, 452, 453, 454, 455, 458, 459, 460, 461, 462, 467, 468, 469, 475, 478, 479, 480, 481, 482, 483, 484, 489, 490, 492, 494, 495, 497, 499, 509, 514, 515, 516, 517], "excluded_lines": [], "start_line": 411}, "delete_model_config": {"executed_lines": [], "summary": {"covered_lines": 0, "num_statements": 21, "percent_covered": 0.0, "percent_covered_display": "0", "missing_lines": 21, "excluded_lines": 0, "percent_statements_covered": 0.0, "percent_statements_covered_display": "0"}, "missing_lines": [535, 536, 537, 538, 540, 541, 547, 550, 551, 552, 553, 559, 561, 562, 564, 566, 574, 576, 577, 578, 579], "excluded_lines": [], "start_line": 525}, "_clear_defaults": {"executed_lines": [], "summary": {"covered_lines": 0, "num_statements": 5, "percent_covered": 0.0, "percent_covered_display": "0", "missing_lines": 5, "excluded_lines": 0, "percent_statements_covered": 0.0, "percent_statements_covered_display": "0"}, "missing_lines": [588, 594, 595, 597, 598], "excluded_lines": [], "start_line": 586}, "test_model_config": {"executed_lines": [], "summary": {"covered_lines": 0, "num_statements": 28, "percent_covered": 0.0, "percent_covered_display": "0", "missing_lines": 28, "excluded_lines": 0, "percent_statements_covered": 0.0, "percent_statements_covered_display": "0"}, "missing_lines": [617, 618, 619, 620, 622, 623, 629, 630, 631, 632, 633, 640, 642, 645, 646, 647, 651, 652, 658, 659, 662, 663, 664, 666, 674, 676, 677, 678], "excluded_lines": [], "start_line": 604}, "test_model_config_inline": {"executed_lines": [], "summary": {"covered_lines": 0, "num_statements": 17, "percent_covered": 0.0, "percent_covered_display": "0", "missing_lines": 17, "excluded_lines": 0, "percent_statements_covered": 0.0, "percent_statements_covered_display": "0"}, "missing_lines": [697, 698, 704, 705, 714, 725, 726, 727, 731, 732, 738, 739, 741, 750, 752, 753, 754], "excluded_lines": [], "start_line": 688}, "_run_model_test": {"executed_lines": [], "summary": {"covered_lines": 0, "num_statements": 9, "percent_covered": 0.0, "percent_covered_display": "0", "missing_lines": 9, "excluded_lines": 0, "percent_statements_covered": 0.0, "percent_statements_covered_display": "0"}, "missing_lines": [771, 772, 773, 774, 775, 776, 777, 778, 780], "excluded_lines": [], "start_line": 763}, "_test_llm": {"executed_lines": [], "summary": {"covered_lines": 0, "num_statements": 11, "percent_covered": 0.0, "percent_covered_display": "0", "missing_lines": 11, "excluded_lines": 0, "percent_statements_covered": 0.0, "percent_statements_covered_display": "0"}, "missing_lines": [788, 789, 791, 797, 803, 804, 810, 811, 817, 823, 824], "excluded_lines": [], "start_line": 786}, "_test_embedding": {"executed_lines": [], "summary": {"covered_lines": 0, "num_statements": 13, "percent_covered": 0.0, "percent_covered_display": "0", "missing_lines": 13, "excluded_lines": 0, "percent_statements_covered": 0.0, "percent_statements_covered_display": "0"}, "missing_lines": [832, 833, 835, 840, 845, 846, 852, 853, 854, 855, 861, 867, 868], "excluded_lines": [], "start_line": 830}, "_test_asr": {"executed_lines": [], "summary": {"covered_lines": 0, "num_statements": 11, "percent_covered": 0.0, "percent_covered_display": "0", "missing_lines": 11, "excluded_lines": 0, "percent_statements_covered": 0.0, "percent_statements_covered_display": "0"}, "missing_lines": [876, 877, 879, 880, 881, 887, 892, 893, 900, 905, 906], "excluded_lines": [], "start_line": 874}, "_test_tts": {"executed_lines": [], "summary": {"covered_lines": 0, "num_statements": 11, "percent_covered": 0.0, "percent_covered_display": "0", "missing_lines": 11, "excluded_lines": 0, "percent_statements_covered": 0.0, "percent_statements_covered_display": "0"}, "missing_lines": [914, 915, 917, 919, 924, 925, 926, 930, 939, 944, 945], "excluded_lines": [], "start_line": 912}, "preview_tts": {"executed_lines": [], "summary": {"covered_lines": 0, "num_statements": 16, "percent_covered": 0.0, "percent_covered_display": "0", "missing_lines": 16, "excluded_lines": 0, "percent_statements_covered": 0.0, "percent_statements_covered_display": "0"}, "missing_lines": [969, 970, 971, 973, 975, 976, 978, 987, 988, 989, 990, 992, 994, 1002, 1003, 1005], "excluded_lines": [], "start_line": 954}, "": {"executed_lines": [11, 12, 13, 14, 16, 17, 18, 19, 20, 22, 23, 24, 25, 38, 39, 40, 41, 43, 45, 52, 75, 79, 87, 95, 125, 145, 180, 205, 206, 312, 313, 373, 374, 410, 411, 524, 525, 586, 603, 604, 687, 688, 763, 786, 830, 874, 912, 953, 954], "summary": {"covered_lines": 49, "num_statements": 49, "percent_covered": 100.0, "percent_covered_display": "100", "missing_lines": 0, "excluded_lines": 0, "percent_statements_covered": 100.0, "percent_statements_covered_display": "100"}, "missing_lines": [], "excluded_lines": [], "start_line": 1}}, "classes": {"": {"executed_lines": [11, 12, 13, 14, 16, 17, 18, 19, 20, 22, 23, 24, 25, 38, 39, 40, 41, 43, 45, 52, 75, 79, 87, 95, 125, 145, 180, 205, 206, 312, 313, 373, 374, 410, 411, 524, 525, 586, 603, 604, 687, 688, 763, 786, 830, 874, 912, 953, 954], "summary": {"covered_lines": 49, "num_statements": 355, "percent_covered": 13.80281690140845, "percent_covered_display": "14", "missing_lines": 306, "excluded_lines": 0, "percent_statements_covered": 13.80281690140845, "percent_statements_covered_display": "14"}, "missing_lines": [76, 80, 81, 82, 83, 84, 88, 89, 90, 91, 92, 101, 102, 108, 109, 115, 116, 122, 130, 141, 142, 147, 149, 150, 151, 152, 153, 155, 156, 157, 158, 159, 161, 162, 163, 164, 165, 167, 168, 169, 170, 171, 173, 174, 175, 176, 177, 182, 183, 185, 187, 217, 218, 224, 225, 228, 235, 236, 238, 239, 245, 246, 247, 248, 249, 254, 257, 258, 261, 274, 275, 276, 278, 280, 289, 302, 303, 304, 305, 323, 324, 325, 326, 327, 329, 330, 333, 341, 342, 353, 354, 355, 356, 357, 358, 359, 360, 362, 364, 365, 366, 381, 382, 383, 384, 386, 387, 393, 394, 395, 396, 397, 399, 401, 402, 403, 423, 424, 425, 426, 428, 429, 435, 436, 438, 439, 446, 447, 448, 449, 450, 451, 452, 453, 454, 455, 458, 459, 460, 461, 462, 467, 468, 469, 475, 478, 479, 480, 481, 482, 483, 484, 489, 490, 492, 494, 495, 497, 499, 509, 514, 515, 516, 517, 535, 536, 537, 538, 540, 541, 547, 550, 551, 552, 553, 559, 561, 562, 564, 566, 574, 576, 577, 578, 579, 588, 594, 595, 597, 598, 617, 618, 619, 620, 622, 623, 629, 630, 631, 632, 633, 640, 642, 645, 646, 647, 651, 652, 658, 659, 662, 663, 664, 666, 674, 676, 677, 678, 697, 698, 704, 705, 714, 725, 726, 727, 731, 732, 738, 739, 741, 750, 752, 753, 754, 771, 772, 773, 774, 775, 776, 777, 778, 780, 788, 789, 791, 797, 803, 804, 810, 811, 817, 823, 824, 832, 833, 835, 840, 845, 846, 852, 853, 854, 855, 861, 867, 868, 876, 877, 879, 880, 881, 887, 892, 893, 900, 905, 906, 914, 915, 917, 919, 924, 925, 926, 930, 939, 944, 945, 969, 970, 971, 973, 975, 976, 978, 987, 988, 989, 990, 992, 994, 1002, 1003, 1005], "excluded_lines": [], "start_line": 1}}}, "src/admin/api/release_verification.py": {"executed_lines": [13, 15, 17, 18, 19, 21, 26, 27, 28, 29, 31, 33, 37, 39, 40, 43, 45, 46, 47, 50, 52, 53, 54, 57, 59, 60, 61, 62, 63, 66, 68, 69, 72, 81, 91, 92, 145, 146, 184, 185, 207, 208, 251, 252, 298, 299, 342, 343, 404, 405, 441, 442], "summary": {"covered_lines": 52, "num_statements": 115, "percent_covered": 45.21739130434783, "percent_covered_display": "45", "missing_lines": 63, "excluded_lines": 0, "percent_statements_covered": 45.21739130434783, "percent_statements_covered_display": "45"}, "missing_lines": [74, 83, 106, 115, 116, 117, 118, 127, 135, 136, 141, 142, 156, 164, 171, 172, 177, 178, 192, 194, 195, 200, 201, 203, 204, 222, 230, 235, 236, 241, 242, 243, 267, 277, 288, 289, 294, 295, 315, 324, 332, 333, 338, 339, 366, 376, 378, 384, 385, 391, 393, 401, 419, 427, 432, 433, 438, 457, 465, 471, 472, 477, 478], "excluded_lines": [], "functions": {"success_response": {"executed_lines": [], "summary": {"covered_lines": 0, "num_statements": 1, "percent_covered": 0.0, "percent_covered_display": "0", "missing_lines": 1, "excluded_lines": 0, "percent_statements_covered": 0.0, "percent_statements_covered_display": "0"}, "missing_lines": [74], "excluded_lines": [], "start_line": 72}, "error_response": {"executed_lines": [], "summary": {"covered_lines": 0, "num_statements": 1, "percent_covered": 0.0, "percent_covered_display": "0", "missing_lines": 1, "excluded_lines": 0, "percent_statements_covered": 0.0, "percent_statements_covered_display": "0"}, "missing_lines": [83], "excluded_lines": [], "start_line": 81}, "create_release_candidate": {"executed_lines": [], "summary": {"covered_lines": 0, "num_statements": 10, "percent_covered": 0.0, "percent_covered_display": "0", "missing_lines": 10, "excluded_lines": 0, "percent_statements_covered": 0.0, "percent_statements_covered_display": "0"}, "missing_lines": [106, 115, 116, 117, 118, 127, 135, 136, 141, 142], "excluded_lines": [], "start_line": 92}, "list_release_candidates": {"executed_lines": [], "summary": {"covered_lines": 0, "num_statements": 6, "percent_covered": 0.0, "percent_covered_display": "0", "missing_lines": 6, "excluded_lines": 0, "percent_statements_covered": 0.0, "percent_statements_covered_display": "0"}, "missing_lines": [156, 164, 171, 172, 177, 178], "excluded_lines": [], "start_line": 146}, "get_latest_release_candidate": {"executed_lines": [], "summary": {"covered_lines": 0, "num_statements": 7, "percent_covered": 0.0, "percent_covered_display": "0", "missing_lines": 7, "excluded_lines": 0, "percent_statements_covered": 0.0, "percent_statements_covered_display": "0"}, "missing_lines": [192, 194, 195, 200, 201, 203, 204], "excluded_lines": [], "start_line": 185}, "get_verification_report": {"executed_lines": [], "summary": {"covered_lines": 0, "num_statements": 7, "percent_covered": 0.0, "percent_covered_display": "0", "missing_lines": 7, "excluded_lines": 0, "percent_statements_covered": 0.0, "percent_statements_covered_display": "0"}, "missing_lines": [222, 230, 235, 236, 241, 242, 243], "excluded_lines": [], "start_line": 208}, "update_check_result": {"executed_lines": [], "summary": {"covered_lines": 0, "num_statements": 6, "percent_covered": 0.0, "percent_covered_display": "0", "missing_lines": 6, "excluded_lines": 0, "percent_statements_covered": 0.0, "percent_statements_covered_display": "0"}, "missing_lines": [267, 277, 288, 289, 294, 295], "excluded_lines": [], "start_line": 252}, "make_go_no_go_decision": {"executed_lines": [], "summary": {"covered_lines": 0, "num_statements": 6, "percent_covered": 0.0, "percent_covered_display": "0", "missing_lines": 6, "excluded_lines": 0, "percent_statements_covered": 0.0, "percent_statements_covered_display": "0"}, "missing_lines": [315, 324, 332, 333, 338, 339], "excluded_lines": [], "start_line": 299}, "run_automated_verification": {"executed_lines": [], "summary": {"covered_lines": 0, "num_statements": 8, "percent_covered": 0.0, "percent_covered_display": "0", "missing_lines": 8, "excluded_lines": 0, "percent_statements_covered": 0.0, "percent_statements_covered_display": "0"}, "missing_lines": [366, 376, 378, 384, 385, 391, 393, 401], "excluded_lines": [], "start_line": 343}, "check_quality_gate_status": {"executed_lines": [], "summary": {"covered_lines": 0, "num_statements": 5, "percent_covered": 0.0, "percent_covered_display": "0", "missing_lines": 5, "excluded_lines": 0, "percent_statements_covered": 0.0, "percent_statements_covered_display": "0"}, "missing_lines": [419, 427, 432, 433, 438], "excluded_lines": [], "start_line": 405}, "make_automated_decision": {"executed_lines": [], "summary": {"covered_lines": 0, "num_statements": 6, "percent_covered": 0.0, "percent_covered_display": "0", "missing_lines": 6, "excluded_lines": 0, "percent_statements_covered": 0.0, "percent_statements_covered_display": "0"}, "missing_lines": [457, 465, 471, 472, 477, 478], "excluded_lines": [], "start_line": 442}, "": {"executed_lines": [13, 15, 17, 18, 19, 21, 26, 27, 28, 29, 31, 33, 37, 39, 40, 43, 45, 46, 47, 50, 52, 53, 54, 57, 59, 60, 61, 62, 63, 66, 68, 69, 72, 81, 91, 92, 145, 146, 184, 185, 207, 208, 251, 252, 298, 299, 342, 343, 404, 405, 441, 442], "summary": {"covered_lines": 52, "num_statements": 52, "percent_covered": 100.0, "percent_covered_display": "100", "missing_lines": 0, "excluded_lines": 0, "percent_statements_covered": 100.0, "percent_statements_covered_display": "100"}, "missing_lines": [], "excluded_lines": [], "start_line": 1}}, "classes": {"CreateReleaseCandidateRequest": {"executed_lines": [], "summary": {"covered_lines": 0, "num_statements": 0, "percent_covered": 100.0, "percent_covered_display": "100", "missing_lines": 0, "excluded_lines": 0, "percent_statements_covered": 100.0, "percent_statements_covered_display": "100"}, "missing_lines": [], "excluded_lines": [], "start_line": 37}, "VerificationCheckInput": {"executed_lines": [], "summary": {"covered_lines": 0, "num_statements": 0, "percent_covered": 100.0, "percent_covered_display": "100", "missing_lines": 0, "excluded_lines": 0, "percent_statements_covered": 100.0, "percent_statements_covered_display": "100"}, "missing_lines": [], "excluded_lines": [], "start_line": 43}, "CreateReleaseCandidateWithChecksRequest": {"executed_lines": [], "summary": {"covered_lines": 0, "num_statements": 0, "percent_covered": 100.0, "percent_covered_display": "100", "missing_lines": 0, "excluded_lines": 0, "percent_statements_covered": 100.0, "percent_statements_covered_display": "100"}, "missing_lines": [], "excluded_lines": [], "start_line": 50}, "UpdateCheckResultRequest": {"executed_lines": [], "summary": {"covered_lines": 0, "num_statements": 0, "percent_covered": 100.0, "percent_covered_display": "100", "missing_lines": 0, "excluded_lines": 0, "percent_statements_covered": 100.0, "percent_statements_covered_display": "100"}, "missing_lines": [], "excluded_lines": [], "start_line": 57}, "GoNoGoDecisionRequest": {"executed_lines": [], "summary": {"covered_lines": 0, "num_statements": 0, "percent_covered": 100.0, "percent_covered_display": "100", "missing_lines": 0, "excluded_lines": 0, "percent_statements_covered": 100.0, "percent_statements_covered_display": "100"}, "missing_lines": [], "excluded_lines": [], "start_line": 66}, "": {"executed_lines": [13, 15, 17, 18, 19, 21, 26, 27, 28, 29, 31, 33, 37, 39, 40, 43, 45, 46, 47, 50, 52, 53, 54, 57, 59, 60, 61, 62, 63, 66, 68, 69, 72, 81, 91, 92, 145, 146, 184, 185, 207, 208, 251, 252, 298, 299, 342, 343, 404, 405, 441, 442], "summary": {"covered_lines": 52, "num_statements": 115, "percent_covered": 45.21739130434783, "percent_covered_display": "45", "missing_lines": 63, "excluded_lines": 0, "percent_statements_covered": 45.21739130434783, "percent_statements_covered_display": "45"}, "missing_lines": [74, 83, 106, 115, 116, 117, 118, 127, 135, 136, 141, 142, 156, 164, 171, 172, 177, 178, 192, 194, 195, 200, 201, 203, 204, 222, 230, 235, 236, 241, 242, 243, 267, 277, 288, 289, 294, 295, 315, 324, 332, 333, 338, 339, 366, 376, 378, 384, 385, 391, 393, 401, 419, 427, 432, 433, 438, 457, 465, 471, 472, 477, 478], "excluded_lines": [], "start_line": 1}}}, "src/admin/api/system_logs.py": {"executed_lines": [10, 12, 13, 15, 16, 17, 18, 20, 21, 22, 23, 25, 27, 31, 33, 34, 35, 36, 37, 38, 39, 41, 42, 45, 47, 48, 49, 50, 51, 54, 63, 76, 77, 139, 140, 158], "summary": {"covered_lines": 36, "num_statements": 69, "percent_covered": 52.17391304347826, "percent_covered_display": "52", "missing_lines": 33, "excluded_lines": 0, "percent_statements_covered": 52.17391304347826, "percent_statements_covered_display": "52"}, "missing_lines": [56, 65, 92, 93, 96, 97, 101, 102, 105, 106, 107, 110, 111, 112, 115, 118, 119, 122, 123, 126, 128, 136, 146, 149, 151, 152, 154, 172, 174, 185, 186, 187, 189], "excluded_lines": [], "functions": {"success_response": {"executed_lines": [], "summary": {"covered_lines": 0, "num_statements": 1, "percent_covered": 0.0, "percent_covered_display": "0", "missing_lines": 1, "excluded_lines": 0, "percent_statements_covered": 0.0, "percent_statements_covered_display": "0"}, "missing_lines": [56], "excluded_lines": [], "start_line": 54}, "log_to_response": {"executed_lines": [], "summary": {"covered_lines": 0, "num_statements": 1, "percent_covered": 0.0, "percent_covered_display": "0", "missing_lines": 1, "excluded_lines": 0, "percent_statements_covered": 0.0, "percent_statements_covered_display": "0"}, "missing_lines": [65], "excluded_lines": [], "start_line": 63}, "list_system_logs": {"executed_lines": [], "summary": {"covered_lines": 0, "num_statements": 20, "percent_covered": 0.0, "percent_covered_display": "0", "missing_lines": 20, "excluded_lines": 0, "percent_statements_covered": 0.0, "percent_statements_covered_display": "0"}, "missing_lines": [92, 93, 96, 97, 101, 102, 105, 106, 107, 110, 111, 112, 115, 118, 119, 122, 123, 126, 128, 136], "excluded_lines": [], "start_line": 77}, "get_system_log": {"executed_lines": [], "summary": {"covered_lines": 0, "num_statements": 5, "percent_covered": 0.0, "percent_covered_display": "0", "missing_lines": 5, "excluded_lines": 0, "percent_statements_covered": 0.0, "percent_statements_covered_display": "0"}, "missing_lines": [146, 149, 151, 152, 154], "excluded_lines": [], "start_line": 140}, "create_system_log": {"executed_lines": [], "summary": {"covered_lines": 0, "num_statements": 6, "percent_covered": 0.0, "percent_covered_display": "0", "missing_lines": 6, "excluded_lines": 0, "percent_statements_covered": 0.0, "percent_statements_covered_display": "0"}, "missing_lines": [172, 174, 185, 186, 187, 189], "excluded_lines": [], "start_line": 158}, "": {"executed_lines": [10, 12, 13, 15, 16, 17, 18, 20, 21, 22, 23, 25, 27, 31, 33, 34, 35, 36, 37, 38, 39, 41, 42, 45, 47, 48, 49, 50, 51, 54, 63, 76, 77, 139, 140, 158], "summary": {"covered_lines": 36, "num_statements": 36, "percent_covered": 100.0, "percent_covered_display": "100", "missing_lines": 0, "excluded_lines": 0, "percent_statements_covered": 100.0, "percent_statements_covered_display": "100"}, "missing_lines": [], "excluded_lines": [], "start_line": 1}}, "classes": {"SystemLogResponse": {"executed_lines": [], "summary": {"covered_lines": 0, "num_statements": 0, "percent_covered": 100.0, "percent_covered_display": "100", "missing_lines": 0, "excluded_lines": 0, "percent_statements_covered": 100.0, "percent_statements_covered_display": "100"}, "missing_lines": [], "excluded_lines": [], "start_line": 31}, "SystemLogResponse.Config": {"executed_lines": [], "summary": {"covered_lines": 0, "num_statements": 0, "percent_covered": 100.0, "percent_covered_display": "100", "missing_lines": 0, "excluded_lines": 0, "percent_statements_covered": 100.0, "percent_statements_covered_display": "100"}, "missing_lines": [], "excluded_lines": [], "start_line": 41}, "SystemLogListResponse": {"executed_lines": [], "summary": {"covered_lines": 0, "num_statements": 0, "percent_covered": 100.0, "percent_covered_display": "100", "missing_lines": 0, "excluded_lines": 0, "percent_statements_covered": 100.0, "percent_statements_covered_display": "100"}, "missing_lines": [], "excluded_lines": [], "start_line": 45}, "": {"executed_lines": [10, 12, 13, 15, 16, 17, 18, 20, 21, 22, 23, 25, 27, 31, 33, 34, 35, 36, 37, 38, 39, 41, 42, 45, 47, 48, 49, 50, 51, 54, 63, 76, 77, 139, 140, 158], "summary": {"covered_lines": 36, "num_statements": 69, "percent_covered": 52.17391304347826, "percent_covered_display": "52", "missing_lines": 33, "excluded_lines": 0, "percent_statements_covered": 52.17391304347826, "percent_statements_covered_display": "52"}, "missing_lines": [56, 65, 92, 93, 96, 97, 101, 102, 105, 106, 107, 110, 111, 112, 115, 118, 119, 122, 123, 126, 128, 136, 146, 149, 151, 152, 154, 172, 174, 185, 186, 187, 189], "excluded_lines": [], "start_line": 1}}}, "src/admin/api/training_records.py": {"executed_lines": [10, 12, 13, 15, 16, 17, 18, 19, 21, 22, 23, 24, 26, 28, 32, 34, 35, 36, 37, 38, 39, 40, 41, 42, 43, 44, 46, 47, 50, 52, 53, 54, 55, 56, 59, 68, 81, 90, 98, 142, 143, 232, 233, 256, 257], "summary": {"covered_lines": 45, "num_statements": 118, "percent_covered": 38.13559322033898, "percent_covered_display": "38", "missing_lines": 73, "excluded_lines": 0, "percent_statements_covered": 38.13559322033898, "percent_statements_covered_display": "38"}, "missing_lines": [61, 70, 75, 76, 77, 78, 83, 84, 85, 86, 87, 92, 93, 94, 95, 106, 107, 109, 110, 111, 114, 115, 116, 118, 119, 120, 123, 124, 125, 127, 158, 164, 167, 168, 172, 174, 183, 184, 185, 186, 188, 191, 192, 193, 194, 200, 201, 204, 207, 208, 211, 212, 215, 216, 217, 218, 219, 221, 229, 239, 245, 247, 248, 250, 251, 253, 267, 270, 272, 273, 276, 277, 279], "excluded_lines": [], "functions": {"success_response": {"executed_lines": [], "summary": {"covered_lines": 0, "num_statements": 1, "percent_covered": 0.0, "percent_covered_display": "0", "missing_lines": 1, "excluded_lines": 0, "percent_statements_covered": 0.0, "percent_statements_covered_display": "0"}, "missing_lines": [61], "excluded_lines": [], "start_line": 59}, "calculate_overall_score": {"executed_lines": [], "summary": {"covered_lines": 0, "num_statements": 5, "percent_covered": 0.0, "percent_covered_display": "0", "missing_lines": 5, "excluded_lines": 0, "percent_statements_covered": 0.0, "percent_statements_covered_display": "0"}, "missing_lines": [70, 75, 76, 77, 78], "excluded_lines": [], "start_line": 68}, "calculate_duration": {"executed_lines": [], "summary": {"covered_lines": 0, "num_statements": 5, "percent_covered": 0.0, "percent_covered_display": "0", "missing_lines": 5, "excluded_lines": 0, "percent_statements_covered": 0.0, "percent_statements_covered_display": "0"}, "missing_lines": [83, 84, 85, 86, 87], "excluded_lines": [], "start_line": 81}, "generate_title": {"executed_lines": [], "summary": {"covered_lines": 0, "num_statements": 4, "percent_covered": 0.0, "percent_covered_display": "0", "missing_lines": 4, "excluded_lines": 0, "percent_statements_covered": 0.0, "percent_statements_covered_display": "0"}, "missing_lines": [92, 93, 94, 95], "excluded_lines": [], "start_line": 90}, "session_to_response": {"executed_lines": [], "summary": {"covered_lines": 0, "num_statements": 15, "percent_covered": 0.0, "percent_covered_display": "0", "missing_lines": 15, "excluded_lines": 0, "percent_statements_covered": 0.0, "percent_statements_covered_display": "0"}, "missing_lines": [106, 107, 109, 110, 111, 114, 115, 116, 118, 119, 120, 123, 124, 125, 127], "excluded_lines": [], "start_line": 98}, "list_training_records": {"executed_lines": [], "summary": {"covered_lines": 0, "num_statements": 29, "percent_covered": 0.0, "percent_covered_display": "0", "missing_lines": 29, "excluded_lines": 0, "percent_statements_covered": 0.0, "percent_statements_covered_display": "0"}, "missing_lines": [158, 164, 167, 168, 172, 174, 183, 184, 185, 186, 188, 191, 192, 193, 194, 200, 201, 204, 207, 208, 211, 212, 215, 216, 217, 218, 219, 221, 229], "excluded_lines": [], "start_line": 143}, "get_training_record": {"executed_lines": [], "summary": {"covered_lines": 0, "num_statements": 7, "percent_covered": 0.0, "percent_covered_display": "0", "missing_lines": 7, "excluded_lines": 0, "percent_statements_covered": 0.0, "percent_statements_covered_display": "0"}, "missing_lines": [239, 245, 247, 248, 250, 251, 253], "excluded_lines": [], "start_line": 233}, "delete_training_record": {"executed_lines": [], "summary": {"covered_lines": 0, "num_statements": 7, "percent_covered": 0.0, "percent_covered_display": "0", "missing_lines": 7, "excluded_lines": 0, "percent_statements_covered": 0.0, "percent_statements_covered_display": "0"}, "missing_lines": [267, 270, 272, 273, 276, 277, 279], "excluded_lines": [], "start_line": 257}, "": {"executed_lines": [10, 12, 13, 15, 16, 17, 18, 19, 21, 22, 23, 24, 26, 28, 32, 34, 35, 36, 37, 38, 39, 40, 41, 42, 43, 44, 46, 47, 50, 52, 53, 54, 55, 56, 59, 68, 81, 90, 98, 142, 143, 232, 233, 256, 257], "summary": {"covered_lines": 45, "num_statements": 45, "percent_covered": 100.0, "percent_covered_display": "100", "missing_lines": 0, "excluded_lines": 0, "percent_statements_covered": 100.0, "percent_statements_covered_display": "100"}, "missing_lines": [], "excluded_lines": [], "start_line": 1}}, "classes": {"TrainingRecordResponse": {"executed_lines": [], "summary": {"covered_lines": 0, "num_statements": 0, "percent_covered": 100.0, "percent_covered_display": "100", "missing_lines": 0, "excluded_lines": 0, "percent_statements_covered": 100.0, "percent_statements_covered_display": "100"}, "missing_lines": [], "excluded_lines": [], "start_line": 32}, "TrainingRecordResponse.Config": {"executed_lines": [], "summary": {"covered_lines": 0, "num_statements": 0, "percent_covered": 100.0, "percent_covered_display": "100", "missing_lines": 0, "excluded_lines": 0, "percent_statements_covered": 100.0, "percent_statements_covered_display": "100"}, "missing_lines": [], "excluded_lines": [], "start_line": 46}, "TrainingRecordListResponse": {"executed_lines": [], "summary": {"covered_lines": 0, "num_statements": 0, "percent_covered": 100.0, "percent_covered_display": "100", "missing_lines": 0, "excluded_lines": 0, "percent_statements_covered": 100.0, "percent_statements_covered_display": "100"}, "missing_lines": [], "excluded_lines": [], "start_line": 50}, "": {"executed_lines": [10, 12, 13, 15, 16, 17, 18, 19, 21, 22, 23, 24, 26, 28, 32, 34, 35, 36, 37, 38, 39, 40, 41, 42, 43, 44, 46, 47, 50, 52, 53, 54, 55, 56, 59, 68, 81, 90, 98, 142, 143, 232, 233, 256, 257], "summary": {"covered_lines": 45, "num_statements": 118, "percent_covered": 38.13559322033898, "percent_covered_display": "38", "missing_lines": 73, "excluded_lines": 0, "percent_statements_covered": 38.13559322033898, "percent_statements_covered_display": "38"}, "missing_lines": [61, 70, 75, 76, 77, 78, 83, 84, 85, 86, 87, 92, 93, 94, 95, 106, 107, 109, 110, 111, 114, 115, 116, 118, 119, 120, 123, 124, 125, 127, 158, 164, 167, 168, 172, 174, 183, 184, 185, 186, 188, 191, 192, 193, 194, 200, 201, 204, 207, 208, 211, 212, 215, 216, 217, 218, 219, 221, 229, 239, 245, 247, 248, 250, 251, 253, 267, 270, 272, 273, 276, 277, 279], "excluded_lines": [], "start_line": 1}}}, "src/admin/api/users.py": {"executed_lines": [10, 12, 13, 14, 15, 16, 17, 19, 20, 21, 22, 23, 25, 26, 27, 28, 30, 32, 36, 38, 39, 40, 41, 42, 43, 44, 46, 47, 48, 49, 51, 53, 55, 57, 58, 59, 60, 61, 62, 64, 65, 66, 67, 69, 70, 71, 75, 77, 78, 79, 80, 81, 82, 84, 85, 86, 87, 89, 91, 92, 93, 94, 96, 97, 99, 102, 104, 105, 107, 108, 109, 110, 111, 112, 113, 115, 116, 117, 118, 120, 121, 123, 126, 128, 130, 131, 132, 142, 144, 145, 146, 147, 148, 149, 150, 151, 152, 154, 155, 158, 160, 161, 162, 163, 164, 167, 176, 186, 201, 203, 206, 209, 210, 213, 214, 217, 219, 229, 235, 240, 274, 282, 285, 288, 289, 291, 292, 295, 296, 360, 361, 378, 379, 507, 508, 602, 603, 693, 694, 737, 738, 788, 789, 859, 860, 916, 917, 961, 962, 1000, 1001], "summary": {"covered_lines": 151, "num_statements": 396, "percent_covered": 38.13131313131313, "percent_covered_display": "38", "missing_lines": 245, "excluded_lines": 0, "percent_statements_covered": 38.13131313131313, "percent_statements_covered_display": "38"}, "missing_lines": [50, 52, 54, 68, 72, 88, 95, 98, 119, 122, 133, 134, 135, 136, 137, 138, 169, 178, 188, 204, 207, 211, 231, 232, 237, 252, 262, 283, 286, 290, 311, 312, 315, 316, 320, 321, 324, 325, 326, 327, 332, 335, 336, 339, 340, 343, 346, 347, 349, 357, 367, 370, 372, 373, 375, 395, 396, 397, 398, 401, 402, 403, 404, 407, 408, 409, 410, 411, 412, 413, 415, 418, 449, 450, 452, 453, 454, 457, 468, 469, 472, 483, 484, 486, 504, 524, 525, 528, 529, 530, 533, 547, 549, 550, 551, 554, 557, 558, 560, 561, 563, 564, 565, 566, 567, 568, 574, 593, 618, 619, 622, 623, 624, 627, 628, 629, 630, 631, 632, 633, 635, 638, 659, 660, 662, 675, 676, 677, 679, 680, 682, 684, 686, 707, 708, 710, 713, 715, 716, 719, 720, 721, 722, 732, 734, 750, 753, 754, 757, 768, 769, 770, 780, 781, 783, 785, 801, 804, 806, 807, 809, 810, 815, 816, 819, 820, 823, 824, 827, 828, 829, 832, 833, 834, 835, 836, 837, 839, 840, 851, 852, 854, 856, 870, 873, 875, 876, 878, 879, 880, 881, 884, 886, 893, 894, 895, 897, 908, 909, 911, 913, 930, 931, 933, 936, 938, 939, 941, 942, 943, 944, 954, 956, 958, 972, 975, 977, 978, 980, 981, 982, 983, 993, 995, 997, 1014, 1016, 1017, 1021, 1023, 1024, 1025, 1027, 1028, 1031, 1033, 1035, 1036, 1043, 1044, 1045, 1046, 1047, 1049, 1050], "excluded_lines": [], "functions": {"CreateUserRequest.validate_password": {"executed_lines": [49, 51, 53, 55], "summary": {"covered_lines": 4, "num_statements": 7, "percent_covered": 57.142857142857146, "percent_covered_display": "57", "missing_lines": 3, "excluded_lines": 0, "percent_statements_covered": 57.142857142857146, "percent_statements_covered_display": "57"}, "missing_lines": [50, 52, 54], "excluded_lines": [], "start_line": 48}, "CreateUserRequest.validate_role": {"executed_lines": [60, 61, 62], "summary": {"covered_lines": 3, "num_statements": 3, "percent_covered": 100.0, "percent_covered_display": "100", "missing_lines": 0, "excluded_lines": 0, "percent_statements_covered": 100.0, "percent_statements_covered_display": "100"}, "missing_lines": [], "excluded_lines": [], "start_line": 59}, "CreateUserRequest.validate_audit_reason": {"executed_lines": [67, 69, 70, 71], "summary": {"covered_lines": 4, "num_statements": 6, "percent_covered": 66.66666666666667, "percent_covered_display": "67", "missing_lines": 2, "excluded_lines": 0, "percent_statements_covered": 66.66666666666667, "percent_statements_covered_display": "67"}, "missing_lines": [68, 72], "excluded_lines": [], "start_line": 66}, "UpdateUserRequest.validate_role": {"executed_lines": [87, 89], "summary": {"covered_lines": 2, "num_statements": 3, "percent_covered": 66.66666666666667, "percent_covered_display": "67", "missing_lines": 1, "excluded_lines": 0, "percent_statements_covered": 66.66666666666667, "percent_statements_covered_display": "67"}, "missing_lines": [88], "excluded_lines": [], "start_line": 86}, "UpdateUserRequest.validate_audit_reason": {"executed_lines": [94, 96, 97, 99], "summary": {"covered_lines": 4, "num_statements": 6, "percent_covered": 66.66666666666667, "percent_covered_display": "67", "missing_lines": 2, "excluded_lines": 0, "percent_statements_covered": 66.66666666666667, "percent_statements_covered_display": "67"}, "missing_lines": [95, 98], "excluded_lines": [], "start_line": 93}, "UpdateUserRoleRequest.validate_role": {"executed_lines": [110, 111, 112, 113], "summary": {"covered_lines": 4, "num_statements": 4, "percent_covered": 100.0, "percent_covered_display": "100", "missing_lines": 0, "excluded_lines": 0, "percent_statements_covered": 100.0, "percent_statements_covered_display": "100"}, "missing_lines": [], "excluded_lines": [], "start_line": 109}, "UpdateUserRoleRequest.validate_audit_reason": {"executed_lines": [118, 120, 121, 123], "summary": {"covered_lines": 4, "num_statements": 6, "percent_covered": 66.66666666666667, "percent_covered_display": "67", "missing_lines": 2, "excluded_lines": 0, "percent_statements_covered": 66.66666666666667, "percent_statements_covered_display": "67"}, "missing_lines": [119, 122], "excluded_lines": [], "start_line": 117}, "UserAuditReasonRequest.validate_audit_reason": {"executed_lines": [], "summary": {"covered_lines": 0, "num_statements": 6, "percent_covered": 0.0, "percent_covered_display": "0", "missing_lines": 6, "excluded_lines": 0, "percent_statements_covered": 0.0, "percent_statements_covered_display": "0"}, "missing_lines": [133, 134, 135, 136, 137, 138], "excluded_lines": [], "start_line": 132}, "success_response": {"executed_lines": [], "summary": {"covered_lines": 0, "num_statements": 1, "percent_covered": 0.0, "percent_covered_display": "0", "missing_lines": 1, "excluded_lines": 0, "percent_statements_covered": 0.0, "percent_statements_covered_display": "0"}, "missing_lines": [169], "excluded_lines": [], "start_line": 167}, "error_response": {"executed_lines": [], "summary": {"covered_lines": 0, "num_statements": 1, "percent_covered": 0.0, "percent_covered_display": "0", "missing_lines": 1, "excluded_lines": 0, "percent_statements_covered": 0.0, "percent_statements_covered_display": "0"}, "missing_lines": [178], "excluded_lines": [], "start_line": 176}, "user_to_response": {"executed_lines": [], "summary": {"covered_lines": 0, "num_statements": 1, "percent_covered": 0.0, "percent_covered_display": "0", "missing_lines": 1, "excluded_lines": 0, "percent_statements_covered": 0.0, "percent_statements_covered_display": "0"}, "missing_lines": [188], "excluded_lines": [], "start_line": 186}, "_mask_email": {"executed_lines": [203, 206, 209, 210, 213, 214], "summary": {"covered_lines": 6, "num_statements": 9, "percent_covered": 66.66666666666667, "percent_covered_display": "67", "missing_lines": 3, "excluded_lines": 0, "percent_statements_covered": 66.66666666666667, "percent_statements_covered_display": "67"}, "missing_lines": [204, 207, 211], "excluded_lines": [], "start_line": 201}, "_user_audit_snapshot": {"executed_lines": [219], "summary": {"covered_lines": 1, "num_statements": 1, "percent_covered": 100.0, "percent_covered_display": "100", "missing_lines": 0, "excluded_lines": 0, "percent_statements_covered": 100.0, "percent_statements_covered_display": "100"}, "missing_lines": [], "excluded_lines": [], "start_line": 217}, "_normalize_audit_reason": {"executed_lines": [], "summary": {"covered_lines": 0, "num_statements": 2, "percent_covered": 0.0, "percent_covered_display": "0", "missing_lines": 2, "excluded_lines": 0, "percent_statements_covered": 0.0, "percent_statements_covered_display": "0"}, "missing_lines": [231, 232], "excluded_lines": [], "start_line": 229}, "_operator_identifier": {"executed_lines": [], "summary": {"covered_lines": 0, "num_statements": 1, "percent_covered": 0.0, "percent_covered_display": "0", "missing_lines": 1, "excluded_lines": 0, "percent_statements_covered": 0.0, "percent_statements_covered_display": "0"}, "missing_lines": [237], "excluded_lines": [], "start_line": 235}, "_queue_user_audit_log": {"executed_lines": [], "summary": {"covered_lines": 0, "num_statements": 2, "percent_covered": 0.0, "percent_covered_display": "0", "missing_lines": 2, "excluded_lines": 0, "percent_statements_covered": 0.0, "percent_statements_covered_display": "0"}, "missing_lines": [252, 262], "excluded_lines": [], "start_line": 240}, "_assert_role_transition_allowed": {"executed_lines": [282, 285, 288, 289, 291, 292], "summary": {"covered_lines": 6, "num_statements": 9, "percent_covered": 66.66666666666667, "percent_covered_display": "67", "missing_lines": 3, "excluded_lines": 0, "percent_statements_covered": 66.66666666666667, "percent_statements_covered_display": "67"}, "missing_lines": [283, 286, 290], "excluded_lines": [], "start_line": 274}, "list_users": {"executed_lines": [], "summary": {"covered_lines": 0, "num_statements": 20, "percent_covered": 0.0, "percent_covered_display": "0", "missing_lines": 20, "excluded_lines": 0, "percent_statements_covered": 0.0, "percent_statements_covered_display": "0"}, "missing_lines": [311, 312, 315, 316, 320, 321, 324, 325, 326, 327, 332, 335, 336, 339, 340, 343, 346, 347, 349, 357], "excluded_lines": [], "start_line": 296}, "get_user": {"executed_lines": [], "summary": {"covered_lines": 0, "num_statements": 5, "percent_covered": 0.0, "percent_covered_display": "0", "missing_lines": 5, "excluded_lines": 0, "percent_statements_covered": 0.0, "percent_statements_covered_display": "0"}, "missing_lines": [367, 370, 372, 373, 375], "excluded_lines": [], "start_line": 361}, "get_user_stats": {"executed_lines": [], "summary": {"covered_lines": 0, "num_statements": 30, "percent_covered": 0.0, "percent_covered_display": "0", "missing_lines": 30, "excluded_lines": 0, "percent_statements_covered": 0.0, "percent_statements_covered_display": "0"}, "missing_lines": [395, 396, 397, 398, 401, 402, 403, 404, 407, 408, 409, 410, 411, 412, 413, 415, 418, 449, 450, 452, 453, 454, 457, 468, 469, 472, 483, 484, 486, 504], "excluded_lines": [], "start_line": 379}, "get_user_sessions": {"executed_lines": [], "summary": {"covered_lines": 0, "num_statements": 23, "percent_covered": 0.0, "percent_covered_display": "0", "missing_lines": 23, "excluded_lines": 0, "percent_statements_covered": 0.0, "percent_statements_covered_display": "0"}, "missing_lines": [524, 525, 528, 529, 530, 533, 547, 549, 550, 551, 554, 557, 558, 560, 561, 563, 564, 565, 566, 567, 568, 574, 593], "excluded_lines": [], "start_line": 508}, "get_user_progress": {"executed_lines": [], "summary": {"covered_lines": 0, "num_statements": 25, "percent_covered": 0.0, "percent_covered_display": "0", "missing_lines": 25, "excluded_lines": 0, "percent_statements_covered": 0.0, "percent_statements_covered_display": "0"}, "missing_lines": [618, 619, 622, 623, 624, 627, 628, 629, 630, 631, 632, 633, 635, 638, 659, 660, 662, 675, 676, 677, 679, 680, 682, 684, 686], "excluded_lines": [], "start_line": 603}, "delete_user": {"executed_lines": [], "summary": {"covered_lines": 0, "num_statements": 12, "percent_covered": 0.0, "percent_covered_display": "0", "missing_lines": 12, "excluded_lines": 0, "percent_statements_covered": 0.0, "percent_statements_covered_display": "0"}, "missing_lines": [707, 708, 710, 713, 715, 716, 719, 720, 721, 722, 732, 734], "excluded_lines": [], "start_line": 694}, "create_user": {"executed_lines": [], "summary": {"covered_lines": 0, "num_statements": 11, "percent_covered": 0.0, "percent_covered_display": "0", "missing_lines": 11, "excluded_lines": 0, "percent_statements_covered": 0.0, "percent_statements_covered_display": "0"}, "missing_lines": [750, 753, 754, 757, 768, 769, 770, 780, 781, 783, 785], "excluded_lines": [], "start_line": 738}, "update_user": {"executed_lines": [], "summary": {"covered_lines": 0, "num_statements": 27, "percent_covered": 0.0, "percent_covered_display": "0", "missing_lines": 27, "excluded_lines": 0, "percent_statements_covered": 0.0, "percent_statements_covered_display": "0"}, "missing_lines": [801, 804, 806, 807, 809, 810, 815, 816, 819, 820, 823, 824, 827, 828, 829, 832, 833, 834, 835, 836, 837, 839, 840, 851, 852, 854, 856], "excluded_lines": [], "start_line": 789}, "update_user_role": {"executed_lines": [], "summary": {"covered_lines": 0, "num_statements": 18, "percent_covered": 0.0, "percent_covered_display": "0", "missing_lines": 18, "excluded_lines": 0, "percent_statements_covered": 0.0, "percent_statements_covered_display": "0"}, "missing_lines": [870, 873, 875, 876, 878, 879, 880, 881, 884, 886, 893, 894, 895, 897, 908, 909, 911, 913], "excluded_lines": [], "start_line": 860}, "suspend_user": {"executed_lines": [], "summary": {"covered_lines": 0, "num_statements": 13, "percent_covered": 0.0, "percent_covered_display": "0", "missing_lines": 13, "excluded_lines": 0, "percent_statements_covered": 0.0, "percent_statements_covered_display": "0"}, "missing_lines": [930, 931, 933, 936, 938, 939, 941, 942, 943, 944, 954, 956, 958], "excluded_lines": [], "start_line": 917}, "activate_user": {"executed_lines": [], "summary": {"covered_lines": 0, "num_statements": 11, "percent_covered": 0.0, "percent_covered_display": "0", "missing_lines": 11, "excluded_lines": 0, "percent_statements_covered": 0.0, "percent_statements_covered_display": "0"}, "missing_lines": [972, 975, 977, 978, 980, 981, 982, 983, 993, 995, 997], "excluded_lines": [], "start_line": 962}, "export_users": {"executed_lines": [], "summary": {"covered_lines": 0, "num_statements": 20, "percent_covered": 0.0, "percent_covered_display": "0", "missing_lines": 20, "excluded_lines": 0, "percent_statements_covered": 0.0, "percent_statements_covered_display": "0"}, "missing_lines": [1014, 1016, 1017, 1021, 1023, 1024, 1025, 1027, 1028, 1031, 1033, 1035, 1036, 1043, 1044, 1045, 1046, 1047, 1049, 1050], "excluded_lines": [], "start_line": 1001}, "": {"executed_lines": [10, 12, 13, 14, 15, 16, 17, 19, 20, 21, 22, 23, 25, 26, 27, 28, 30, 32, 36, 38, 39, 40, 41, 42, 43, 44, 46, 47, 48, 57, 58, 59, 64, 65, 66, 75, 77, 78, 79, 80, 81, 82, 84, 85, 86, 91, 92, 93, 102, 104, 105, 107, 108, 109, 115, 116, 117, 126, 128, 130, 131, 132, 142, 144, 145, 146, 147, 148, 149, 150, 151, 152, 154, 155, 158, 160, 161, 162, 163, 164, 167, 176, 186, 201, 217, 229, 235, 240, 274, 295, 296, 360, 361, 378, 379, 507, 508, 602, 603, 693, 694, 737, 738, 788, 789, 859, 860, 916, 917, 961, 962, 1000, 1001], "summary": {"covered_lines": 113, "num_statements": 113, "percent_covered": 100.0, "percent_covered_display": "100", "missing_lines": 0, "excluded_lines": 0, "percent_statements_covered": 100.0, "percent_statements_covered_display": "100"}, "missing_lines": [], "excluded_lines": [], "start_line": 1}}, "classes": {"CreateUserRequest": {"executed_lines": [49, 51, 53, 55, 60, 61, 62, 67, 69, 70, 71], "summary": {"covered_lines": 11, "num_statements": 16, "percent_covered": 68.75, "percent_covered_display": "69", "missing_lines": 5, "excluded_lines": 0, "percent_statements_covered": 68.75, "percent_statements_covered_display": "69"}, "missing_lines": [50, 52, 54, 68, 72], "excluded_lines": [], "start_line": 36}, "UpdateUserRequest": {"executed_lines": [87, 89, 94, 96, 97, 99], "summary": {"covered_lines": 6, "num_statements": 9, "percent_covered": 66.66666666666667, "percent_covered_display": "67", "missing_lines": 3, "excluded_lines": 0, "percent_statements_covered": 66.66666666666667, "percent_statements_covered_display": "67"}, "missing_lines": [88, 95, 98], "excluded_lines": [], "start_line": 75}, "UpdateUserRoleRequest": {"executed_lines": [110, 111, 112, 113, 118, 120, 121, 123], "summary": {"covered_lines": 8, "num_statements": 10, "percent_covered": 80.0, "percent_covered_display": "80", "missing_lines": 2, "excluded_lines": 0, "percent_statements_covered": 80.0, "percent_statements_covered_display": "80"}, "missing_lines": [119, 122], "excluded_lines": [], "start_line": 102}, "UserAuditReasonRequest": {"executed_lines": [], "summary": {"covered_lines": 0, "num_statements": 6, "percent_covered": 0.0, "percent_covered_display": "0", "missing_lines": 6, "excluded_lines": 0, "percent_statements_covered": 0.0, "percent_statements_covered_display": "0"}, "missing_lines": [133, 134, 135, 136, 137, 138], "excluded_lines": [], "start_line": 126}, "AdminUserResponse": {"executed_lines": [], "summary": {"covered_lines": 0, "num_statements": 0, "percent_covered": 100.0, "percent_covered_display": "100", "missing_lines": 0, "excluded_lines": 0, "percent_statements_covered": 100.0, "percent_statements_covered_display": "100"}, "missing_lines": [], "excluded_lines": [], "start_line": 142}, "AdminUserResponse.Config": {"executed_lines": [], "summary": {"covered_lines": 0, "num_statements": 0, "percent_covered": 100.0, "percent_covered_display": "100", "missing_lines": 0, "excluded_lines": 0, "percent_statements_covered": 100.0, "percent_statements_covered_display": "100"}, "missing_lines": [], "excluded_lines": [], "start_line": 154}, "UserListResponse": {"executed_lines": [], "summary": {"covered_lines": 0, "num_statements": 0, "percent_covered": 100.0, "percent_covered_display": "100", "missing_lines": 0, "excluded_lines": 0, "percent_statements_covered": 100.0, "percent_statements_covered_display": "100"}, "missing_lines": [], "excluded_lines": [], "start_line": 158}, "": {"executed_lines": [10, 12, 13, 14, 15, 16, 17, 19, 20, 21, 22, 23, 25, 26, 27, 28, 30, 32, 36, 38, 39, 40, 41, 42, 43, 44, 46, 47, 48, 57, 58, 59, 64, 65, 66, 75, 77, 78, 79, 80, 81, 82, 84, 85, 86, 91, 92, 93, 102, 104, 105, 107, 108, 109, 115, 116, 117, 126, 128, 130, 131, 132, 142, 144, 145, 146, 147, 148, 149, 150, 151, 152, 154, 155, 158, 160, 161, 162, 163, 164, 167, 176, 186, 201, 203, 206, 209, 210, 213, 214, 217, 219, 229, 235, 240, 274, 282, 285, 288, 289, 291, 292, 295, 296, 360, 361, 378, 379, 507, 508, 602, 603, 693, 694, 737, 738, 788, 789, 859, 860, 916, 917, 961, 962, 1000, 1001], "summary": {"covered_lines": 126, "num_statements": 355, "percent_covered": 35.49295774647887, "percent_covered_display": "35", "missing_lines": 229, "excluded_lines": 0, "percent_statements_covered": 35.49295774647887, "percent_statements_covered_display": "35"}, "missing_lines": [169, 178, 188, 204, 207, 211, 231, 232, 237, 252, 262, 283, 286, 290, 311, 312, 315, 316, 320, 321, 324, 325, 326, 327, 332, 335, 336, 339, 340, 343, 346, 347, 349, 357, 367, 370, 372, 373, 375, 395, 396, 397, 398, 401, 402, 403, 404, 407, 408, 409, 410, 411, 412, 413, 415, 418, 449, 450, 452, 453, 454, 457, 468, 469, 472, 483, 484, 486, 504, 524, 525, 528, 529, 530, 533, 547, 549, 550, 551, 554, 557, 558, 560, 561, 563, 564, 565, 566, 567, 568, 574, 593, 618, 619, 622, 623, 624, 627, 628, 629, 630, 631, 632, 633, 635, 638, 659, 660, 662, 675, 676, 677, 679, 680, 682, 684, 686, 707, 708, 710, 713, 715, 716, 719, 720, 721, 722, 732, 734, 750, 753, 754, 757, 768, 769, 770, 780, 781, 783, 785, 801, 804, 806, 807, 809, 810, 815, 816, 819, 820, 823, 824, 827, 828, 829, 832, 833, 834, 835, 836, 837, 839, 840, 851, 852, 854, 856, 870, 873, 875, 876, 878, 879, 880, 881, 884, 886, 893, 894, 895, 897, 908, 909, 911, 913, 930, 931, 933, 936, 938, 939, 941, 942, 943, 944, 954, 956, 958, 972, 975, 977, 978, 980, 981, 982, 983, 993, 995, 997, 1014, 1016, 1017, 1021, 1023, 1024, 1025, 1027, 1028, 1031, 1033, 1035, 1036, 1043, 1044, 1045, 1046, 1047, 1049, 1050], "excluded_lines": [], "start_line": 1}}}, "src/admin/api/voice_runtime.py": {"executed_lines": [8, 10, 12, 13, 14, 15, 17, 18, 19, 20, 21, 23, 26, 27, 28, 29, 30, 31, 32, 33, 34, 35, 36, 37, 38, 39, 40, 43, 44, 45, 46, 47, 48, 49, 50, 51, 52, 53, 54, 55, 56, 57, 60, 61, 62, 63, 64, 65, 66, 67, 68, 71, 78, 82, 83, 92, 93, 110, 111, 133, 134, 155, 156, 165, 166, 190, 191], "summary": {"covered_lines": 67, "num_statements": 131, "percent_covered": 51.14503816793893, "percent_covered_display": "51", "missing_lines": 64, "excluded_lines": 0, "percent_statements_covered": 51.14503816793893, "percent_statements_covered_display": "51"}, "missing_lines": [79, 87, 88, 89, 98, 99, 100, 101, 102, 103, 104, 105, 106, 107, 117, 118, 119, 120, 121, 122, 123, 124, 125, 126, 127, 128, 129, 130, 139, 140, 141, 142, 143, 144, 145, 146, 147, 148, 149, 150, 151, 152, 160, 161, 162, 172, 173, 174, 175, 176, 177, 178, 179, 180, 181, 182, 183, 184, 185, 186, 187, 198, 199, 205], "excluded_lines": [], "functions": {"_success": {"executed_lines": [], "summary": {"covered_lines": 0, "num_statements": 1, "percent_covered": 0.0, "percent_covered_display": "0", "missing_lines": 1, "excluded_lines": 0, "percent_statements_covered": 0.0, "percent_statements_covered_display": "0"}, "missing_lines": [79], "excluded_lines": [], "start_line": 78}, "list_runtime_profiles": {"executed_lines": [], "summary": {"covered_lines": 0, "num_statements": 3, "percent_covered": 0.0, "percent_covered_display": "0", "missing_lines": 3, "excluded_lines": 0, "percent_statements_covered": 0.0, "percent_statements_covered_display": "0"}, "missing_lines": [87, 88, 89], "excluded_lines": [], "start_line": 83}, "create_runtime_profile": {"executed_lines": [], "summary": {"covered_lines": 0, "num_statements": 10, "percent_covered": 0.0, "percent_covered_display": "0", "missing_lines": 10, "excluded_lines": 0, "percent_statements_covered": 0.0, "percent_statements_covered_display": "0"}, "missing_lines": [98, 99, 100, 101, 102, 103, 104, 105, 106, 107], "excluded_lines": [], "start_line": 93}, "update_runtime_profile": {"executed_lines": [], "summary": {"covered_lines": 0, "num_statements": 14, "percent_covered": 0.0, "percent_covered_display": "0", "missing_lines": 14, "excluded_lines": 0, "percent_statements_covered": 0.0, "percent_statements_covered_display": "0"}, "missing_lines": [117, 118, 119, 120, 121, 122, 123, 124, 125, 126, 127, 128, 129, 130], "excluded_lines": [], "start_line": 111}, "delete_runtime_profile": {"executed_lines": [], "summary": {"covered_lines": 0, "num_statements": 14, "percent_covered": 0.0, "percent_covered_display": "0", "missing_lines": 14, "excluded_lines": 0, "percent_statements_covered": 0.0, "percent_statements_covered_display": "0"}, "missing_lines": [139, 140, 141, 142, 143, 144, 145, 146, 147, 148, 149, 150, 151, 152], "excluded_lines": [], "start_line": 134}, "get_agent_voice_policy": {"executed_lines": [], "summary": {"covered_lines": 0, "num_statements": 3, "percent_covered": 0.0, "percent_covered_display": "0", "missing_lines": 3, "excluded_lines": 0, "percent_statements_covered": 0.0, "percent_statements_covered_display": "0"}, "missing_lines": [160, 161, 162], "excluded_lines": [], "start_line": 156}, "upsert_agent_voice_policy": {"executed_lines": [], "summary": {"covered_lines": 0, "num_statements": 16, "percent_covered": 0.0, "percent_covered_display": "0", "missing_lines": 16, "excluded_lines": 0, "percent_statements_covered": 0.0, "percent_statements_covered_display": "0"}, "missing_lines": [172, 173, 174, 175, 176, 177, 178, 179, 180, 181, 182, 183, 184, 185, 186, 187], "excluded_lines": [], "start_line": 166}, "preview_effective_agent_policy": {"executed_lines": [], "summary": {"covered_lines": 0, "num_statements": 3, "percent_covered": 0.0, "percent_covered_display": "0", "missing_lines": 3, "excluded_lines": 0, "percent_statements_covered": 0.0, "percent_statements_covered_display": "0"}, "missing_lines": [198, 199, 205], "excluded_lines": [], "start_line": 191}, "": {"executed_lines": [8, 10, 12, 13, 14, 15, 17, 18, 19, 20, 21, 23, 26, 27, 28, 29, 30, 31, 32, 33, 34, 35, 36, 37, 38, 39, 40, 43, 44, 45, 46, 47, 48, 49, 50, 51, 52, 53, 54, 55, 56, 57, 60, 61, 62, 63, 64, 65, 66, 67, 68, 71, 78, 82, 83, 92, 93, 110, 111, 133, 134, 155, 156, 165, 166, 190, 191], "summary": {"covered_lines": 67, "num_statements": 67, "percent_covered": 100.0, "percent_covered_display": "100", "missing_lines": 0, "excluded_lines": 0, "percent_statements_covered": 100.0, "percent_statements_covered_display": "100"}, "missing_lines": [], "excluded_lines": [], "start_line": 1}}, "classes": {"RuntimeProfilePayload": {"executed_lines": [], "summary": {"covered_lines": 0, "num_statements": 0, "percent_covered": 100.0, "percent_covered_display": "100", "missing_lines": 0, "excluded_lines": 0, "percent_statements_covered": 100.0, "percent_statements_covered_display": "100"}, "missing_lines": [], "excluded_lines": [], "start_line": 26}, "RuntimeProfileUpdatePayload": {"executed_lines": [], "summary": {"covered_lines": 0, "num_statements": 0, "percent_covered": 100.0, "percent_covered_display": "100", "missing_lines": 0, "excluded_lines": 0, "percent_statements_covered": 100.0, "percent_statements_covered_display": "100"}, "missing_lines": [], "excluded_lines": [], "start_line": 43}, "AgentVoicePolicyPayload": {"executed_lines": [], "summary": {"covered_lines": 0, "num_statements": 0, "percent_covered": 100.0, "percent_covered_display": "100", "missing_lines": 0, "excluded_lines": 0, "percent_statements_covered": 100.0, "percent_statements_covered_display": "100"}, "missing_lines": [], "excluded_lines": [], "start_line": 60}, "": {"executed_lines": [8, 10, 12, 13, 14, 15, 17, 18, 19, 20, 21, 23, 26, 27, 28, 29, 30, 31, 32, 33, 34, 35, 36, 37, 38, 39, 40, 43, 44, 45, 46, 47, 48, 49, 50, 51, 52, 53, 54, 55, 56, 57, 60, 61, 62, 63, 64, 65, 66, 67, 68, 71, 78, 82, 83, 92, 93, 110, 111, 133, 134, 155, 156, 165, 166, 190, 191], "summary": {"covered_lines": 67, "num_statements": 131, "percent_covered": 51.14503816793893, "percent_covered_display": "51", "missing_lines": 64, "excluded_lines": 0
[...]
": [], "summary": {"covered_lines": 0, "num_statements": 13, "percent_covered": 0.0, "percent_covered_display": "0", "missing_lines": 13, "excluded_lines": 0, "percent_statements_covered": 0.0, "percent_statements_covered_display": "0"}, "missing_lines": [1570, 1571, 1572, 1573, 1574, 1575, 1576, 1578, 1579, 1580, 1592, 1593, 1610], "excluded_lines": [], "start_line": 1568}, "StepFunRealtimeHandler._send_upstream": {"executed_lines": [], "summary": {"covered_lines": 0, "num_statements": 3, "percent_covered": 0.0, "percent_covered_display": "0", "missing_lines": 3, "excluded_lines": 0, "percent_statements_covered": 0.0, "percent_statements_covered_display": "0"}, "missing_lines": [1614, 1615, 1616], "excluded_lines": [], "start_line": 1612}, "StepFunRealtimeHandler._ensure_sales_stage_context": {"executed_lines": [], "summary": {"covered_lines": 0, "num_statements": 4, "percent_covered": 0.0, "percent_covered_display": "0", "missing_lines": 4, "excluded_lines": 0, "percent_statements_covered": 0.0, "percent_statements_covered_display": "0"}, "missing_lines": [1620, 1621, 1623, 1634], "excluded_lines": [], "start_line": 1618}, "StepFunRealtimeHandler._analyze_and_emit_sales_stage": {"executed_lines": [1648, 1649, 1652, 1653, 1655, 1656, 1657, 1658, 1661, 1665, 1669, 1672, 1673, 1674, 1677, 1678, 1683, 1684, 1685, 1687, 1692], "summary": {"covered_lines": 21, "num_statements": 28, "percent_covered": 75.0, "percent_covered_display": "75", "missing_lines": 7, "excluded_lines": 0, "percent_statements_covered": 75.0, "percent_statements_covered_display": "75"}, "missing_lines": [1650, 1659, 1670, 1675, 1693, 1694, 1700], "excluded_lines": [], "start_line": 1636}, "StepFunRealtimeHandler._append_sales_stage_context_message": {"executed_lines": [1710, 1711, 1712, 1713, 1716, 1720], "summary": {"covered_lines": 6, "num_statements": 7, "percent_covered": 85.71428571428571, "percent_covered_display": "86", "missing_lines": 1, "excluded_lines": 0, "percent_statements_covered": 85.71428571428571, "percent_statements_covered_display": "86"}, "missing_lines": [1714], "excluded_lines": [], "start_line": 1702}, "StepFunRealtimeHandler._send_stage_update": {"executed_lines": [], "summary": {"covered_lines": 0, "num_statements": 1, "percent_covered": 0.0, "percent_covered_display": "0", "missing_lines": 1, "excluded_lines": 0, "percent_statements_covered": 0.0, "percent_statements_covered_display": "0"}, "missing_lines": [1724], "excluded_lines": [], "start_line": 1722}, "StepFunRealtimeHandler._update_existing_message_sales_stage": {"executed_lines": [], "summary": {"covered_lines": 0, "num_statements": 16, "percent_covered": 0.0, "percent_covered_display": "0", "missing_lines": 16, "excluded_lines": 0, "percent_statements_covered": 0.0, "percent_statements_covered_display": "0"}, "missing_lines": [1746, 1747, 1749, 1750, 1751, 1752, 1761, 1762, 1763, 1764, 1766, 1767, 1774, 1775, 1782, 1783], "excluded_lines": [], "start_line": 1734}, "StepFunRealtimeHandler._persist_message": {"executed_lines": [1802, 1803, 1806, 1807, 1808, 1809, 1810, 1812, 1813, 1814, 1815, 1841], "summary": {"covered_lines": 12, "num_statements": 25, "percent_covered": 48.0, "percent_covered_display": "48", "missing_lines": 13, "excluded_lines": 0, "percent_statements_covered": 48.0, "percent_statements_covered_display": "48"}, "missing_lines": [1804, 1843, 1845, 1846, 1847, 1848, 1849, 1856, 1857, 1858, 1864, 1865, 1866], "excluded_lines": [], "start_line": 1792}, "StepFunRealtimeHandler._resolve_user_turn_number_for_transcript": {"executed_lines": [1882, 1883, 1884], "summary": {"covered_lines": 3, "num_statements": 3, "percent_covered": 100.0, "percent_covered_display": "100", "missing_lines": 0, "excluded_lines": 0, "percent_statements_covered": 100.0, "percent_statements_covered_display": "100"}, "missing_lines": [], "excluded_lines": [], "start_line": 1874}, "StepFunRealtimeHandler._send_transcript": {"executed_lines": [], "summary": {"covered_lines": 0, "num_statements": 1, "percent_covered": 0.0, "percent_covered_display": "0", "missing_lines": 1, "excluded_lines": 0, "percent_statements_covered": 0.0, "percent_statements_covered_display": "0"}, "missing_lines": [1888], "excluded_lines": [], "start_line": 1886}, "StepFunRealtimeHandler._send_status": {"executed_lines": [], "summary": {"covered_lines": 0, "num_statements": 2, "percent_covered": 0.0, "percent_covered_display": "0", "missing_lines": 2, "excluded_lines": 0, "percent_statements_covered": 0.0, "percent_statements_covered_display": "0"}, "missing_lines": [1898, 1899], "excluded_lines": [], "start_line": 1897}, "StepFunRealtimeHandler._send_heartbeat": {"executed_lines": [], "summary": {"covered_lines": 0, "num_statements": 1, "percent_covered": 0.0, "percent_covered_display": "0", "missing_lines": 1, "excluded_lines": 0, "percent_statements_covered": 0.0, "percent_statements_covered_display": "0"}, "missing_lines": [1914], "excluded_lines": [], "start_line": 1913}, "StepFunRealtimeHandler._send_error": {"executed_lines": [], "summary": {"covered_lines": 0, "num_statements": 1, "percent_covered": 0.0, "percent_covered_display": "0", "missing_lines": 1, "excluded_lines": 0, "percent_statements_covered": 0.0, "percent_statements_covered_display": "0"}, "missing_lines": [1924], "excluded_lines": [], "start_line": 1923}, "StepFunRealtimeHandler._extract_text_payload": {"executed_lines": [1944, 1945, 1946, 1948, 1949, 1950, 1952], "summary": {"covered_lines": 7, "num_statements": 7, "percent_covered": 100.0, "percent_covered_display": "100", "missing_lines": 0, "excluded_lines": 0, "percent_statements_covered": 100.0, "percent_statements_covered_display": "100"}, "missing_lines": [], "excluded_lines": [], "start_line": 1942}, "StepFunRealtimeHandler._extract_response_text": {"executed_lines": [1957, 1958, 1961, 1962, 1965, 1966, 1967, 1969, 1971, 1972, 1974, 1975, 1977, 1978, 1982], "summary": {"covered_lines": 15, "num_statements": 23, "percent_covered": 65.21739130434783, "percent_covered_display": "65", "missing_lines": 8, "excluded_lines": 0, "percent_statements_covered": 65.21739130434783, "percent_statements_covered_display": "65"}, "missing_lines": [1959, 1963, 1968, 1970, 1973, 1976, 1979, 1980], "excluded_lines": [], "start_line": 1955}, "create_stepfun_realtime_handler": {"executed_lines": [], "summary": {"covered_lines": 0, "num_statements": 1, "percent_covered": 0.0, "percent_covered_display": "0", "missing_lines": 1, "excluded_lines": 0, "percent_statements_covered": 0.0, "percent_statements_covered_display": "0"}, "missing_lines": [1986], "excluded_lines": [], "start_line": 1984}, "": {"executed_lines": [9, 11, 12, 13, 14, 15, 16, 17, 18, 19, 20, 22, 23, 24, 26, 27, 28, 29, 30, 31, 32, 33, 34, 35, 39, 40, 41, 42, 44, 47, 48, 51, 52, 53, 54, 55, 56, 57, 60, 61, 64, 65, 66, 69, 78, 79, 81, 137, 194, 236, 237, 256, 257, 281, 381, 395, 421, 459, 477, 509, 518, 631, 653, 681, 694, 720, 721, 733, 806, 860, 879, 886, 895, 909, 921, 943, 972, 996, 1009, 1104, 1185, 1234, 1259, 1304, 1353, 1465, 1493, 1541, 1568, 1612, 1618, 1636, 1702, 1722, 1734, 1792, 1874, 1886, 1897, 1913, 1923, 1941, 1942, 1954, 1955, 1984], "summary": {"covered_lines": 106, "num_statements": 106, "percent_covered": 100.0, "percent_covered_display": "100", "missing_lines": 0, "excluded_lines": 0, "percent_statements_covered": 100.0, "percent_statements_covered_display": "100"}, "missing_lines": [], "excluded_lines": [], "start_line": 1}}, "classes": {"RealtimeResponseState": {"executed_lines": [], "summary": {"covered_lines": 0, "num_statements": 0, "percent_covered": 100.0, "percent_covered_display": "100", "missing_lines": 0, "excluded_lines": 0, "percent_statements_covered": 100.0, "percent_statements_covered_display": "100"}, "missing_lines": [], "excluded_lines": [], "start_line": 48}, "FunctionCallState": {"executed_lines": [], "summary": {"covered_lines": 0, "num_statements": 0, "percent_covered": 100.0, "percent_covered_display": "100", "missing_lines": 0, "excluded_lines": 0, "percent_statements_covered": 100.0, "percent_statements_covered_display": "100"}, "missing_lines": [], "excluded_lines": [], "start_line": 61}, "StepFunRealtimeHandler": {"executed_lines": [82, 83, 84, 85, 87, 88, 89, 90, 92, 93, 94, 95, 96, 97, 98, 99, 100, 101, 102, 103, 104, 105, 106, 107, 108, 109, 110, 111, 112, 113, 114, 115, 116, 117, 118, 120, 121, 122, 124, 125, 126, 127, 129, 130, 131, 132, 133, 134, 135, 242, 244, 245, 246, 247, 249, 250, 251, 252, 254, 397, 400, 401, 404, 406, 407, 410, 411, 412, 413, 414, 417, 418, 419, 460, 461, 520, 521, 526, 527, 529, 541, 546, 555, 556, 557, 558, 560, 561, 565, 570, 577, 587, 588, 813, 814, 815, 816, 818, 819, 821, 824, 825, 828, 832, 834, 837, 838, 841, 842, 843, 845, 846, 848, 850, 853, 911, 912, 916, 917, 918, 919, 1011, 1013, 1016, 1025, 1034, 1038, 1039, 1040, 1041, 1042, 1046, 1051, 1058, 1059, 1060, 1062, 1069, 1075, 1079, 1083, 1089, 1090, 1091, 1092, 1093, 1094, 1095, 1096, 1097, 1106, 1107, 1109, 1113, 1114, 1117, 1118, 1123, 1124, 1129, 1136, 1141, 1142, 1161, 1162, 1312, 1315, 1316, 1317, 1318, 1324, 1325, 1332, 1333, 1335, 1346, 1347, 1348, 1351, 1355, 1356, 1357, 1358, 1360, 1362, 1371, 1385, 1386, 1387, 1388, 1392, 1393, 1394, 1401, 1402, 1403, 1412, 1420, 1421, 1422, 1423, 1424, 1425, 1426, 1427, 1428, 1429, 1439, 1444, 1445, 1446, 1448, 1458, 1543, 1544, 1547, 1548, 1551, 1552, 1555, 1556, 1557, 1558, 1559, 1561, 1562, 1563, 1564, 1565, 1566, 1648, 1649, 1652, 1653, 1655, 1656, 1657, 1658, 1661, 1665, 1669, 1672, 1673, 1674, 1677, 1678, 1683, 1684, 1685, 1687, 1692, 1710, 1711, 1712, 1713, 1716, 1720, 1802, 1803, 1806, 1807, 1808, 1809, 1810, 1812, 1813, 1814, 1815, 1841, 1882, 1883, 1884, 1944, 1945, 1946, 1948, 1949, 1950, 1952, 1957, 1958, 1961, 1962, 1965, 1966, 1967, 1969, 1971, 1972, 1974, 1975, 1977, 1978, 1982], "summary": {"covered_lines": 294, "num_statements": 956, "percent_covered": 30.753138075313807, "percent_covered_display": "31", "missing_lines": 662, "excluded_lines": 0, "percent_statements_covered": 30.753138075313807, "percent_statements_covered_display": "31"}, "missing_lines": [144, 145, 147, 149, 150, 151, 152, 153, 155, 157, 158, 159, 160, 161, 162, 163, 165, 166, 167, 168, 169, 170, 171, 172, 173, 175, 176, 177, 178, 179, 180, 181, 183, 184, 185, 186, 187, 188, 189, 190, 191, 192, 196, 197, 198, 201, 202, 203, 204, 206, 207, 208, 209, 211, 212, 213, 215, 216, 222, 223, 224, 225, 227, 228, 229, 230, 231, 232, 233, 234, 265, 266, 267, 269, 270, 271, 272, 274, 275, 276, 277, 279, 283, 284, 285, 287, 288, 291, 292, 293, 295, 296, 299, 300, 301, 302, 303, 304, 305, 307, 308, 309, 311, 316, 317, 318, 319, 320, 321, 326, 327, 328, 330, 336, 337, 338, 339, 340, 341, 346, 347, 348, 350, 356, 361, 363, 364, 365, 366, 367, 368, 373, 374, 375, 377, 378, 379, 382, 383, 385, 386, 387, 388, 389, 390, 391, 392, 393, 398, 402, 403, 408, 415, 422, 423, 425, 426, 427, 428, 429, 430, 431, 433, 435, 436, 441, 442, 443, 444, 445, 446, 448, 449, 451, 452, 453, 454, 455, 456, 457, 463, 464, 465, 466, 467, 468, 470, 471, 473, 474, 475, 479, 480, 481, 483, 484, 486, 487, 488, 490, 500, 501, 502, 503, 504, 506, 507, 511, 512, 513, 514, 515, 516, 522, 523, 524, 530, 531, 532, 533, 534, 535, 536, 537, 538, 539, 542, 543, 544, 547, 548, 549, 550, 552, 553, 559, 590, 591, 592, 594, 595, 596, 597, 598, 599, 600, 601, 602, 603, 604, 605, 606, 607, 608, 609, 610, 611, 612, 613, 614, 615, 617, 618, 619, 620, 621, 622, 623, 624, 626, 627, 628, 629, 633, 634, 636, 637, 639, 640, 641, 643, 644, 646, 647, 649, 650, 651, 655, 656, 658, 676, 677, 678, 679, 682, 683, 684, 703, 722, 729, 730, 731, 741, 742, 743, 745, 747, 748, 749, 751, 753, 754, 755, 756, 757, 758, 759, 761, 762, 763, 764, 766, 767, 768, 769, 770, 771, 772, 773, 774, 776, 777, 778, 779, 781, 782, 783, 784, 786, 787, 793, 794, 795, 803, 804, 820, 822, 826, 827, 833, 835, 839, 844, 847, 851, 867, 868, 869, 870, 871, 872, 876, 877, 880, 881, 882, 883, 884, 887, 888, 889, 890, 892, 893, 896, 897, 898, 899, 900, 901, 903, 904, 906, 907, 923, 924, 925, 926, 931, 935, 936, 937, 938, 940, 941, 945, 946, 947, 948, 949, 950, 952, 953, 955, 970, 974, 975, 976, 977, 978, 979, 980, 981, 994, 998, 999, 1000, 1001, 1002, 1003, 1004, 1005, 1006, 1007, 1014, 1017, 1018, 1019, 1020, 1021, 1022, 1023, 1029, 1030, 1031, 1032, 1063, 1064, 1065, 1066, 1067, 1070, 1071, 1072, 1073, 1076, 1077, 1080, 1081, 1084, 1085, 1086, 1087, 1099, 1100, 1101, 1102, 1110, 1111, 1115, 1130, 1137, 1138, 1165, 1172, 1183, 1187, 1188, 1189, 1191, 1192, 1194, 1195, 1196, 1197, 1198, 1200, 1201, 1202, 1205, 1206, 1208, 1210, 1228, 1229, 1230, 1232, 1236, 1237, 1238, 1239, 1240, 1242, 1243, 1244, 1245, 1246, 1247, 1249, 1251, 1252, 1264, 1265, 1266, 1268, 1269, 1270, 1272, 1273, 1274, 1275, 1276, 1277, 1278, 1286, 1287, 1289, 1290, 1291, 1297, 1299, 1300, 1301, 1302, 1313, 1319, 1320, 1321, 1327, 1350, 1359, 1363, 1369, 1372, 1378, 1389, 1390, 1467, 1468, 1469, 1470, 1472, 1473, 1474, 1476, 1477, 1478, 1479, 1480, 1481, 1482, 1483, 1484, 1485, 1486, 1487, 1488, 1490, 1491, 1506, 1507, 1508, 1509, 1510, 1512, 1513, 1514, 1515, 1516, 1517, 1518, 1519, 1520, 1521, 1522, 1523, 1524, 1526, 1527, 1528, 1529, 1530, 1531, 1533, 1534, 1535, 1537, 1538, 1539, 1545, 1553, 1570, 1571, 1572, 1573, 1574, 1575, 1576, 1578, 1579, 1580, 1592, 1593, 1610, 1614, 1615, 1616, 1620, 1621, 1623, 1634, 1650, 1659, 1670, 1675, 1693, 1694, 1700, 1714, 1724, 1746, 1747, 1749, 1750, 1751, 1752, 1761, 1762, 1763, 1764, 1766, 1767, 1774, 1775, 1782, 1783, 1804, 1843, 1845, 1846, 1847, 1848, 1849, 1856, 1857, 1858, 1864, 1865, 1866, 1888, 1898, 1899, 1914, 1924, 1959, 1963, 1968, 1970, 1973, 1976, 1979, 1980], "excluded_lines": [], "start_line": 69}, "": {"executed_lines": [9, 11, 12, 13, 14, 15, 16, 17, 18, 19, 20, 22, 23, 24, 26, 27, 28, 29, 30, 31, 32, 33, 34, 35, 39, 40, 41, 42, 44, 47, 48, 51, 52, 53, 54, 55, 56, 57, 60, 61, 64, 65, 66, 69, 78, 79, 81, 137, 194, 236, 237, 256, 257, 281, 381, 395, 421, 459, 477, 509, 518, 631, 653, 681, 694, 720, 721, 733, 806, 860, 879, 886, 895, 909, 921, 943, 972, 996, 1009, 1104, 1185, 1234, 1259, 1304, 1353, 1465, 1493, 1541, 1568, 1612, 1618, 1636, 1702, 1722, 1734, 1792, 1874, 1886, 1897, 1913, 1923, 1941, 1942, 1954, 1955, 1984], "summary": {"covered_lines": 106, "num_statements": 107, "percent_covered": 99.06542056074767, "percent_covered_display": "99", "missing_lines": 1, "excluded_lines": 0, "percent_statements_covered": 99.06542056074767, "percent_statements_covered_display": "99"}, "missing_lines": [1986], "excluded_lines": [], "start_line": 1}}}, "src/support/__init__.py": {"executed_lines": [], "summary": {"covered_lines": 0, "num_statements": 0, "percent_covered": 100.0, "percent_covered_display": "100", "missing_lines": 0, "excluded_lines": 0, "percent_statements_covered": 100.0, "percent_statements_covered_display": "100"}, "missing_lines": [], "excluded_lines": [], "functions": {"": {"executed_lines": [], "summary": {"covered_lines": 0, "num_statements": 0, "percent_covered": 100.0, "percent_covered_display": "100", "missing_lines": 0, "excluded_lines": 0, "percent_statements_covered": 100.0, "percent_statements_covered_display": "100"}, "missing_lines": [], "excluded_lines": [], "start_line": 1}}, "classes": {"": {"executed_lines": [], "summary": {"covered_lines": 0, "num_statements": 0, "percent_covered": 100.0, "percent_covered_display": "100", "missing_lines": 0, "excluded_lines": 0, "percent_statements_covered": 100.0, "percent_statements_covered_display": "100"}, "missing_lines": [], "excluded_lines": [], "start_line": 1}}}, "src/support/api/__init__.py": {"executed_lines": [], "summary": {"covered_lines": 0, "num_statements": 0, "percent_covered": 100.0, "percent_covered_display": "100", "missing_lines": 0, "excluded_lines": 0, "percent_statements_covered": 100.0, "percent_statements_covered_display": "100"}, "missing_lines": [], "excluded_lines": [], "functions": {"": {"executed_lines": [], "summary": {"covered_lines": 0, "num_statements": 0, "percent_covered": 100.0, "percent_covered_display": "100", "missing_lines": 0, "excluded_lines": 0, "percent_statements_covered": 100.0, "percent_statements_covered_display": "100"}, "missing_lines": [], "excluded_lines": [], "start_line": 1}}, "classes": {"": {"executed_lines": [], "summary": {"covered_lines": 0, "num_statements": 0, "percent_covered": 100.0, "percent_covered_display": "100", "missing_lines": 0, "excluded_lines": 0, "percent_statements_covered": 100.0, "percent_statements_covered_display": "100"}, "missing_lines": [], "excluded_lines": [], "start_line": 1}}}, "src/support/api/runtime_status.py": {"executed_lines": [5, 7, 8, 9, 11, 12, 13, 15, 16, 17, 19, 22, 31, 48, 49, 116, 117], "summary": {"covered_lines": 17, "num_statements": 56, "percent_covered": 30.357142857142858, "percent_covered_display": "30", "missing_lines": 39, "excluded_lines": 0, "percent_statements_covered": 30.357142857142858, "percent_statements_covered_display": "30"}, "missing_lines": [24, 33, 34, 35, 36, 37, 38, 39, 40, 41, 42, 43, 44, 45, 54, 56, 57, 59, 64, 66, 71, 73, 81, 83, 91, 93, 99, 123, 124, 125, 127, 128, 129, 131, 133, 134, 135, 137, 149], "excluded_lines": [], "functions": {"success_response": {"executed_lines": [], "summary": {"covered_lines": 0, "num_statements": 1, "percent_covered": 0.0, "percent_covered_display": "0", "missing_lines": 1, "excluded_lines": 0, "percent_statements_covered": 0.0, "percent_statements_covered_display": "0"}, "missing_lines": [24], "excluded_lines": [], "start_line": 22}, "_parse_log_details": {"executed_lines": [], "summary": {"covered_lines": 0, "num_statements": 13, "percent_covered": 0.0, "percent_covered_display": "0", "missing_lines": 13, "excluded_lines": 0, "percent_statements_covered": 0.0, "percent_statements_covered_display": "0"}, "missing_lines": [33, 34, 35, 36, 37, 38, 39, 40, 41, 42, 43, 44, 45], "excluded_lines": [], "start_line": 31}, "get_runtime_overview": {"executed_lines": [], "summary": {"covered_lines": 0, "num_statements": 13, "percent_covered": 0.0, "percent_covered_display": "0", "missing_lines": 13, "excluded_lines": 0, "percent_statements_covered": 0.0, "percent_statements_covered_display": "0"}, "missing_lines": [54, 56, 57, 59, 64, 66, 71, 73, 81, 83, 91, 93, 99], "excluded_lines": [], "start_line": 49}, "get_fault_summaries": {"executed_lines": [], "summary": {"covered_lines": 0, "num_statements": 12, "percent_covered": 0.0, "percent_covered_display": "0", "missing_lines": 12, "excluded_lines": 0, "percent_statements_covered": 0.0, "percent_statements_covered_display": "0"}, "missing_lines": [123, 124, 125, 127, 128, 129, 131, 133, 134, 135, 137, 149], "excluded_lines": [], "start_line": 117}, "": {"executed_lines": [5, 7, 8, 9, 11, 12, 13, 15, 16, 17, 19, 22, 31, 48, 49, 116, 117], "summary": {"covered_lines": 17, "num_statements": 17, "percent_covered": 100.0, "percent_covered_display": "100", "missing_lines": 0, "excluded_lines": 0, "percent_statements_covered": 100.0, "percent_statements_covered_display": "100"}, "missing_lines": [], "excluded_lines": [], "start_line": 1}}, "classes": {"": {"executed_lines": [5, 7, 8, 9, 11, 12, 13, 15, 16, 17, 19, 22, 31, 48, 49, 116, 117], "summary": {"covered_lines": 17, "num_statements": 56, "percent_covered": 30.357142857142858, "percent_covered_display": "30", "missing_lines": 39, "excluded_lines": 0, "percent_statements_covered": 30.357142857142858, "percent_statements_covered_display": "30"}, "missing_lines": [24, 33, 34, 35, 36, 37, 38, 39, 40, 41, 42, 43, 44, 45, 54, 56, 57, 59, 64, 66, 71, 73, 81, 83, 91, 93, 99, 123, 124, 125, 127, 128, 129, 131, 133, 134, 135, 137, 149], "excluded_lines": [], "start_line": 1}}}}, "totals": {"covered_lines": 8638, "num_statements": 17752, "percent_covered": 48.65930599369085, "percent_covered_display": "49", "missing_lines": 9114, "excluded_lines": 16, "percent_statements_covered": 48.65930599369085, "percent_statements_covered_display": "49"}}