============================= test session starts ==============================
platform darwin -- Python 3.11.15, pytest-9.0.3, pluggy-1.6.0 -- /opt/homebrew/opt/python@3.11/bin/python3.11
cachedir: .pytest_cache
rootdir: /Users/zhaozengqing/github/销售训练qoder/backend
configfile: pyproject.toml
plugins: cov-7.1.0, asyncio-1.3.0, langsmith-0.8.3, anyio-4.13.0
asyncio: mode=Mode.AUTO, debug=False, asyncio_default_fixture_loop_scope=None, asyncio_default_test_loop_scope=function
collecting ... collected 25 items

tests/unit/test_newcomer_training_path_papers.py::test_should_create_publish_and_fetch_paper_with_ordered_questions PASSED [  4%]
tests/unit/test_newcomer_training_path_papers.py::test_should_submit_published_paper_attempt_through_quiz_scoring PASSED [  8%]
tests/unit/test_newcomer_training_path_papers.py::test_should_reject_missing_draft_and_archived_papers PASSED [ 12%]
tests/unit/test_newcomer_training_path_papers.py::test_should_reject_attempt_question_not_bound_to_paper PASSED [ 16%]
tests/unit/test_sales_trainer_services.py::test_should_process_audio_submission_without_fixed_duration_limit PASSED [ 20%]
tests/unit/test_sales_trainer_services.py::test_should_retry_scoring_failed_submission_when_transcript_exists PASSED [ 24%]
tests/unit/test_sales_trainer_services.py::test_should_reject_unsupported_audio_mime_type PASSED [ 28%]
tests/unit/test_sales_trainer_services.py::test_should_generate_cos_upload_url_when_configured PASSED [ 32%]
tests/unit/test_sales_trainer_services.py::test_should_store_multipart_upload_in_cos_when_backend_is_cos PASSED [ 36%]
tests/unit/test_sales_trainer_services.py::test_should_publish_quiz_unit_and_score_choice_answer PASSED [ 40%]
tests/unit/test_sales_trainer_services.py::test_should_score_short_answer_with_ai_and_store_feedback_snapshot PASSED [ 44%]
tests/unit/test_sales_trainer_services.py::test_should_project_sales_trainer_path_with_unlock_progress PASSED [ 48%]
tests/unit/test_sales_trainer_services.py::test_should_reject_and_audit_unsupported_quiz_question_structure PASSED [ 52%]
tests/unit/test_sales_trainer_services.py::test_should_reject_invalid_quiz_pass_threshold_before_publish PASSED [ 56%]
tests/unit/test_sales_trainer_services.py::test_should_reject_invalid_quiz_pass_threshold_on_config_only_update PASSED [ 60%]
tests/unit/test_sales_trainer_services.py::test_should_reject_quiz_unit_binding_outside_published_sales_scope[published-general] PASSED [ 64%]
tests/unit/test_sales_trainer_services.py::test_should_reject_quiz_unit_binding_outside_published_sales_scope[draft-sales_trainer] PASSED [ 68%]
tests/unit/test_sales_trainer_services.py::test_should_reject_quiz_unit_binding_outside_published_sales_scope[archived-sales_trainer] PASSED [ 72%]
tests/unit/test_sales_trainer_services.py::test_should_bridge_remote_audio_key_to_local_asr_file PASSED [ 76%]
tests/unit/test_sales_trainer_services.py::test_should_parse_false_string_for_true_false_question PASSED [ 80%]
tests/unit/test_sales_trainer_services.py::test_should_retry_once_when_deucate_returns_non_json PASSED [ 84%]
tests/unit/test_sales_trainer_services.py::test_should_normalize_out_of_range_deucate_total_score PASSED [ 88%]
tests/unit/test_sales_trainer_services.py::test_should_return_typed_error_when_deucate_timeout_config_is_invalid PASSED [ 92%]
tests/unit/test_sales_trainer_services.py::test_should_publish_material_version_as_single_current_version PASSED [ 96%]
tests/unit/test_sales_trainer_services.py::test_should_require_latest_material_confirmation_for_ppt_submission PASSED [100%]
ERROR: Coverage failure: total of 20 is less than fail-under=48


=============================== warnings summary ===============================
tests/unit/test_sales_trainer_services.py::test_should_reject_unsupported_audio_mime_type
  /opt/homebrew/lib/python3.11/site-packages/passlib/utils/__init__.py:854: DeprecationWarning: 'crypt' is deprecated and slated for removal in Python 3.13
    from crypt import crypt as _crypt

-- Docs: https://docs.pytest.org/en/stable/how-to/capture-warnings.html
================================ tests coverage ================================
______________ coverage: platform darwin, python 3.11.15-final-0 _______________

Name                                                                                 Stmts   Miss  Cover   Missing
------------------------------------------------------------------------------------------------------------------
src/agent/__init__.py                                                                    1      0   100%
src/agent/api/__init__.py                                                                5      5     0%   7-12
src/agent/api/agent_personas.py                                                         83     83     0%   12-193
src/agent/api/agents.py                                                                200    200     0%   12-493
src/agent/api/personas.py                                                              104    104     0%   12-243
src/agent/capabilities/__init__.py                                                       8      8     0%   22-36
src/agent/capabilities/base.py                                                          82     82     0%   27-308
src/agent/capabilities/fuzzy_detection.py                                              123    123     0%   12-341
src/agent/capabilities/knowledge_retrieval.py                                          124    124     0%   11-302
src/agent/capabilities/realtime_scoring.py                                             214    214     0%   7-503
src/agent/capabilities/registry.py                                                      68     68     0%   31-300
src/agent/capabilities/runner.py                                                       112    112     0%   28-452
src/agent/capabilities/sales_stage.py                                                  110    110     0%   11-289
src/agent/context.py                                                                    66     66     0%   12-211
src/agent/migrations/__init__.py                                                         0      0   100%
src/agent/migrations/migrate_persona_policy.py                                          88     88     0%   9-186
src/agent/migrations/migrate_personas.py                                               108    108     0%   17-361
src/agent/models.py                                                                    136      0   100%
src/agent/schemas.py                                                                   211    211     0%   13-425
src/agent/services/__init__.py                                                           4      4     0%   7-11
src/agent/services/agent_persona_service.py                                            116    116     0%   12-254
src/agent/services/agent_service.py                                                    193    193     0%   12-475
src/agent/services/industry_pack_contract.py                                            45     45     0%   9-237
src/agent/services/persona_policy.py                                                   187    187     0%   11-541
src/agent/services/persona_service.py                                                  229    229     0%   12-520
src/app_factory.py                                                                      84     84     0%   3-199
src/app_lifespan.py                                                                     65     65     0%   3-148
src/common/ai/__init__.py                                                                7      0   100%
src/common/ai/config_manager.py                                                        144    112    22%   44-52, 57-64, 67-69, 72-81, 88-89, 99-136, 155-169, 181, 193-195, 207, 219, 231-330, 338-354, 374-410, 425-427, 435-436
src/common/ai/embedding_service.py                                                     150    120    20%   45-51, 62-87, 92, 99-101, 106-108, 113-119, 128-129, 133-140, 152-155, 167-181, 185-242, 246-305, 309-311, 326-328, 343, 353-355
src/common/ai/encryption.py                                                             68     48    29%   43-56, 68-76, 88-99, 116-123, 133, 149-151, 164-168, 181-185, 198
src/common/ai/llm_service.py                                                           226    178    21%   85-88, 92-99, 127-144, 156-234, 248, 268-271, 293-307, 314, 318-321, 326-328, 333-335, 340-342, 351-352, 355-356, 359, 365-377, 403-555, 565-584, 601-687, 718-780, 784, 788-790, 805-807, 822, 832-834
src/common/ai/models.py                                                                 36      1    97%   136
src/common/ai/schemas.py                                                                86      0   100%
src/common/audio/asr_alibaba.py                                                        189    165    13%   76-88, 106-258, 269-337, 343-352, 365-378, 387-402
src/common/audio/asr_base.py                                                            13      3    77%   37, 50, 60
src/common/audio/asr_service.py                                                         96     68    29%   53-59, 71-139, 144, 149-151, 156, 165-166, 169-173, 188-190, 202, 211, 226-229, 244, 254-261, 271-273
src/common/auth/service.py                                                             331    232    30%   89-93, 97, 101, 105, 109, 113, 120, 124, 128-134, 138-141, 145-149, 162, 175-179, 186-190, 199-209, 213-215, 219-222, 226-229, 238-246, 252, 266, 270, 274, 278-284, 288, 292, 296, 300, 304-306, 310-312, 316, 327, 340-349, 353-359, 368-375, 379-387, 402-413, 417-425, 434-457, 470, 481-489, 494-502, 512-561, 571-577, 591-597, 610-620, 625-680, 685-719, 723-726, 735, 763-771, 786-795
src/common/cos/__init__.py                                                               0      0   100%
src/common/cos/signing.py                                                               99     70    29%   20-21, 49-56, 65-80, 88-91, 108-122, 126-137, 140-157, 161-166, 170, 174-177, 181-188, 197-199
src/common/db/legacy_schema_repair.py                                                  114     99    13%   14-23, 27-36, 42-94, 98-102, 108-117, 121-122, 128-230, 234-246, 255-320
src/common/db/models.py                                                                908      0   100%
src/common/db/session.py                                                               105     80    24%   71, 89-90, 100-107, 117-150, 154-276, 290-305, 320-328, 337
src/common/error_handling/result.py                                                     29     10    66%   38-40, 44, 48-53
src/common/knowledge_engine/__init__.py                                                 13      0   100%
src/common/knowledge_engine/answerability.py                                           151    120    21%   68, 77-141, 176-191, 213-232, 242-244, 248-251, 255, 259-262, 266-287, 291-305, 313-337
src/common/knowledge_engine/assembler.py                                                73     59    19%   23-95, 110-118, 122-127, 131, 135-136, 140-145, 149-160
src/common/knowledge_engine/audit_repo.py                                               26     15    42%   15, 31-60, 64, 68-70, 74-75
src/common/knowledge_engine/compat.py                                                  161    119    26%   43, 46, 55-65, 86-125, 131-133, 145-148, 162-163, 172, 176, 180-184, 199-255, 270-294, 303-334, 342-411, 415-416, 429-442, 446-463, 467, 471-472, 476-479
src/common/knowledge_engine/config_repo.py                                             149     58    61%   115, 118-123, 137-150, 156-175, 180-192, 207-219, 233-265, 271-290, 296-316, 320, 324-326, 330, 334, 338, 342-348, 352-354
src/common/knowledge_engine/engine.py                                                  183    144    21%   69-80, 84, 87-238, 247-257, 264-273, 304-309, 334-345, 349-354, 360-368, 372, 378-416, 420-432, 436-444, 450, 472, 483, 504, 527-535, 539-552
src/common/knowledge_engine/entity_resolver.py                                          58     33    43%   42-49, 52-103, 118-123
src/common/knowledge_engine/haystack_adapter.py                                         65     38    42%   39, 55-128, 137
src/common/knowledge_engine/intent_classifier.py                                        80     44    45%   46-47, 69-107, 120-122, 131-139, 143-150, 154-158, 162-163, 167-170
src/common/knowledge_engine/reranker.py                                                144    121    16%   20, 24-27, 40-75, 93, 105-279, 287-290, 299-306, 310-322
src/common/knowledge_engine/retrieval_planner.py                                        57     32    44%   35, 40-48, 69-75, 90-108, 112-118, 122-126
src/common/knowledge_engine/runtime_events.py                                          148    127    14%   24-26, 30-43, 47-57, 61, 65, 80-93, 97-119, 123-137, 145-151, 157-165, 173-200, 254-283, 291-311, 328-348
src/common/knowledge_engine/schemas.py                                                  35      0   100%
src/common/monitoring/logger.py                                                        143    103    28%   62-66, 71, 75, 80-84, 89-101, 106-120, 125-144, 149-170, 175, 182-198, 203-213, 218-219, 228-234, 244, 247, 250, 253, 259-272
src/common/monitoring/trace_context.py                                                  45     34    24%   17, 23-33, 39-47, 53-58, 64-67, 75-82
src/common/oss/__init__.py                                                               0      0   100%
src/common/oss/signing.py                                                               69     44    36%   23-24, 56-66, 93-108, 132-133, 137-151, 159, 175-177, 181-188
src/curriculum_analytics/__init__.py                                                     0      0   100%
src/curriculum_analytics/schemas.py                                                     45     45     0%   1-60
src/curriculum_analytics/service.py                                                    157    157     0%   1-322
src/curriculum_practice/__init__.py                                                      0      0   100%
src/curriculum_practice/api.py                                                        1159   1159     0%   1-2536
src/curriculum_practice/models.py                                                      231      0   100%
src/curriculum_practice/permissions.py                                                   6      6     0%   1-10
src/curriculum_practice/schemas.py                                                     656    656     0%   1-928
src/curriculum_practice/services/__init__.py                                             0      0   100%
src/curriculum_practice/services/asset_references.py                                   199    199     0%   1-479
src/curriculum_practice/services/asset_resolution.py                                    71     71     0%   3-186
src/curriculum_practice/services/content_assets.py                                     223    223     0%   1-487
src/curriculum_practice/services/examiner_agents.py                                    191    191     0%   1-379
src/curriculum_practice/services/examiner_report_service.py                             99     99     0%   1-214
src/curriculum_practice/services/examiner_scoring_service.py                            49     49     0%   1-98
src/curriculum_practice/services/examiner_session_assembler.py                          79     79     0%   3-212
src/curriculum_practice/services/frozen_asset_refs.py                                   92     92     0%   1-163
src/curriculum_practice/services/learner_profiles.py                                    41     41     0%   1-54
src/curriculum_practice/services/learning_contents.py                                  214    214     0%   1-350
src/curriculum_practice/services/learning_path.py                                      543    543     0%   1-1002
src/curriculum_practice/services/learning_progress_service.py                          111    111     0%   1-226
src/curriculum_practice/services/practice_templates.py                                  88     88     0%   1-253
src/curriculum_practice/services/published_asset_refs.py                                83     83     0%   1-256
src/curriculum_practice/services/publishing_gates.py                                   153    153     0%   1-362
src/curriculum_practice/services/question_generation.py                                102    102     0%   1-222
src/curriculum_practice/services/roleplay/__init__.py                                    4      4     0%   3-11
src/curriculum_practice/services/roleplay/adapters/__init__.py                           3      3     0%   3-10
src/curriculum_practice/services/roleplay/adapters/business_rule_config_adapter.py      40     40     0%   1-67
src/curriculum_practice/services/roleplay/adapters/entity_projection_adapter.py         51     51     0%   1-92
src/curriculum_practice/services/roleplay/dual_read_observability.py                    62     62     0%   1-135
src/curriculum_practice/services/roleplay/dual_read_promotion_gate.py                   97     97     0%   1-221
src/curriculum_practice/services/roleplay/dual_read_repository.py                       68     68     0%   1-166
src/curriculum_practice/services/roleplay/situation_pack_dto.py                         60     60     0%   1-190
src/curriculum_practice/services/roleplay/situation_pack_hasher.py                      12     12     0%   1-30
src/curriculum_practice/services/roleplay/situation_pack_projection_sync.py             83     83     0%   1-146
src/curriculum_practice/services/roleplay/situation_pack_reference_query.py             37     37     0%   1-104
src/curriculum_practice/services/roleplay/situation_pack_repository.py                  31     31     0%   1-87
src/curriculum_practice/services/roleplay_contracts.py                                 666    666     0%   1-2005
src/curriculum_practice/services/roleplay_runtime_dossier_preview.py                   183    183     0%   1-712
src/curriculum_practice/services/runtime_dossier.py                                    156    156     0%   1-354
src/curriculum_practice/services/session_snapshots.py                                   36     36     0%   1-98
src/curriculum_practice/services/snapshots.py                                          189    189     0%   1-542
src/curriculum_practice/services/test_bank.py                                          265    265     0%   1-448
src/curriculum_practice/services/test_bank_importer.py                                 147    147     0%   1-241
src/curriculum_practice/services/voice_clone.py                                         50     50     0%   1-106
src/curriculum_practice/websocket/__init__.py                                            0      0   100%
src/curriculum_practice/websocket/examiner_runtime.py                                  268    268     0%   1-545
src/curriculum_practice/websocket/router.py                                            133    133     0%   1-326
src/evaluation/__init__.py                                                               6      6     0%   7-25
src/evaluation/api.py                                                                   85     85     0%   6-268
src/evaluation/schemas.py                                                               94     94     0%   16-285
src/evaluation/services/__init__.py                                                      4      4     0%   7-13
src/evaluation/services/ai_scoring.py                                                   66     66     0%   6-230
src/evaluation/services/comprehensive_report.py                                        333    333     0%   13-858
src/evaluation/services/evaluation_run_service.py                                       93     93     0%   3-224
src/evaluation/services/realtime_scoring.py                                            199    199     0%   13-714
src/evaluation/services/report_generation_trigger.py                                   304    304     0%   10-830
src/evaluation/services/roleplay_contract_eval.py                                       72     72     0%   1-206
src/evaluation/services/staged_evaluation.py                                           175    175     0%   13-438
src/evaluation/services/training_report_snapshot_service.py                             70     70     0%   3-187
src/evaluation/triggers/__init__.py                                                      6      6     0%   7-13
src/evaluation/triggers/base_trigger.py                                                 31     31     0%   7-79
src/evaluation/triggers/keyword.py                                                      25     25     0%   7-70
src/evaluation/triggers/stage_transition.py                                             25     25     0%   7-75
src/evaluation/triggers/time_interval.py                                                21     21     0%   7-61
src/evaluation/triggers/turn_count.py                                                   11     11     0%   7-46
src/evaluation/websocket/__init__.py                                                     2      2     0%   7-9
src/evaluation/websocket/broadcaster.py                                                 64     64     0%   14-237
src/http_routes.py                                                                      59     59     0%   3-146
src/main.py                                                                             27     27     0%   5-75
src/prompt_templates/__init__.py                                                         6      0   100%
src/prompt_templates/api/__init__.py                                                     2      2     0%   7-9
src/prompt_templates/api/routes.py                                                     304    304     0%   17-832
src/prompt_templates/compiled_contract.py                                               71     36    49%   31-32, 41-59, 64-65, 70-71, 82-100, 104-112
src/prompt_templates/loader.py                                                          78     52    33%   38, 42-43, 63-65, 82-93, 104-115, 131-142, 151-160, 176-187, 195-198, 206-209, 225-227
src/prompt_templates/models.py                                                         274    101    63%   55-78, 83-92, 180, 185, 196-198, 204-253, 272-274, 279-281, 286-290, 313, 318-320, 325-329
src/prompt_templates/renderer.py                                                        82     53    35%   40-43, 47-57, 62, 80, 83, 86-87, 103, 127-167, 182-195, 206-212, 222-224, 242
src/prompt_templates/service.py                                                        485    418    14%   77-78, 83-85, 89, 93, 97-98, 102-110, 114, 128-151, 155-168, 182-194, 214-216, 237-240, 256-274, 278-279, 292-354, 358-404, 425-470, 496-530, 542-559, 578-614, 631-658, 680-701, 724-797, 811-823, 845-952, 979-990, 1015-1074, 1089-1159, 1184-1221, 1240-1288, 1306-1331, 1345-1354, 1371-1399, 1420-1460, 1469-1477
src/prompt_templates/taxonomy.py                                                        28     28     0%   8-133
src/router_registry.py                                                                 121    121     0%   3-363
src/sales_trainer/__init__.py                                                            0      0   100%
src/sales_trainer/api.py                                                               521    521     0%   1-1249
src/sales_trainer/models.py                                                            183      0   100%
src/sales_trainer/paper_api.py                                                         109    109     0%   1-268
src/sales_trainer/paper_route_registration.py                                           16     16     0%   1-38
src/sales_trainer/permissions.py                                                        21     21     0%   1-38
src/sales_trainer/rules.py                                                              23      5    78%   36, 42-45
src/sales_trainer/schemas.py                                                           664     31    95%   64, 66-67, 91, 94, 112, 145-152, 170-182, 615-619, 634-638
src/sales_trainer/services/audio_submission_service.py                                 405    155    62%   97-106, 116-117, 131-132, 155, 200, 206, 282, 296, 301-305, 313, 341-353, 363-429, 443-462, 494-500, 563, 570, 591-603, 606-616, 631-635, 651, 654, 662-672, 675-685, 724-727, 746, 778-781, 805-806, 812, 818, 834-853, 859, 886-893, 900-903, 906-907, 912, 922, 926, 940, 943, 947-954, 965-967, 973-975, 979-997
src/sales_trainer/services/deucate_scoring_service.py                                  117     39    67%   66-97, 111-112, 219-230, 236-241, 247
src/sales_trainer/services/exam_paper_config.py                                         14      0   100%
src/sales_trainer/services/exam_paper_serializers.py                                    31      6    81%   20, 49, 56-59
src/sales_trainer/services/exam_paper_service.py                                       125     42    66%   78-114, 121, 123, 127-128, 147, 186-197, 233-234, 241, 255
src/sales_trainer/services/exam_paper_unit_adapter.py                                    9      1    89%   25
src/sales_trainer/services/material_service.py                                         304    153    50%   51-55, 70-79, 124-146, 154-164, 174, 186, 224, 230, 262-267, 275-282, 303-306, 323-329, 331-337, 340-346, 348, 376, 382, 422, 443-490, 503, 515-523, 525, 537, 544-545, 566, 573-574, 580, 582, 587-614, 622, 628, 634, 668-681, 689, 697-701, 705-709, 713-718, 722-740
src/sales_trainer/services/operation_log_service.py                                     34      4    88%   59-65
src/sales_trainer/services/paraformer_file_asr.py                                      218    168    23%   54-59, 62-90, 106-120, 123-147, 150-155, 159, 194-213, 217-228, 232-234, 238-242, 246-251, 258-271, 275, 283-292, 296-303, 307, 311-319, 323-331, 335-341, 345, 349-350, 354-355
src/sales_trainer/services/path_service.py                                             156     27    83%   53, 149, 179-182, 239, 253, 264, 271, 348, 358, 369, 405, 435-449, 453-455, 461, 465-466
src/sales_trainer/services/question_bank_adapter.py                                    108     18    83%   45, 57, 69, 85, 91-98, 104, 146-151, 161, 174, 176, 180, 183
src/sales_trainer/services/quiz_service.py                                             164     47    71%   55, 61, 67, 98, 122, 153, 173-178, 188-200, 211-233, 313-316, 358, 360, 367, 372, 388, 402-403
src/sales_trainer/services/short_answer_scoring_service.py                              93     65    30%   47-94, 105-110, 114-127, 144-148, 159-187
src/sales_trainer/services/transcription_service.py                                    129     64    50%   48, 51-54, 61-62, 73-78, 85, 100-108, 123, 132-142, 157-159, 163-180, 184-188, 200-207, 214-215, 217
src/sales_trainer/services/unit_service.py                                             177     82    54%   59-71, 116, 131-145, 166-176, 244, 304, 309-343, 351-391, 401-410, 423
src/sales_trainer/tasks/__init__.py                                                      0      0   100%
src/sales_trainer/tasks/score_audio.py                                                   7      7     0%   1-18
src/sales_trainer/tasks/transcribe_audio.py                                              8      8     0%   1-19
src/supervisor/__init__.py                                                               0      0   100%
src/supervisor/api.py                                                                  139    139     0%   3-354
src/supervisor/schemas.py                                                              245    245     0%   3-328
src/supervisor/service.py                                                              880    880     0%   3-2312
src/support/__init__.py                                                                  0      0   100%
src/support/api/__init__.py                                                              0      0   100%
src/support/api/runtime_status.py                                                      104    104     0%   3-198
src/support/services/__init__.py                                                         0      0   100%
src/support/services/asset_registry.py                                                  50     50     0%   3-107
src/support/services/runtime_status_service.py                                         506    506     0%   3-1479
src/training_runtime/__init__.py                                                         5      5     0%   3-25
src/training_runtime/models.py                                                          17     17     0%   3-29
src/training_runtime/plugins.py                                                        106    106     0%   3-409
src/training_runtime/service.py                                                         81     81     0%   3-149
src/training_runtime/stepfun_transport.py                                              135    135     0%   3-271
src/websocket_routes.py                                                                160    160     0%   3-352
------------------------------------------------------------------------------------------------------------------
TOTAL                                                                                23487  18812    20%
Coverage HTML written to dir htmlcov
FAIL Required test coverage of 48% not reached. Total coverage: 19.90%
======================== 25 passed, 1 warning in 8.40s =========================
