============================= test session starts ==============================
platform darwin -- Python 3.11.15, pytest-9.0.3, pluggy-1.6.0
rootdir: /Users/zhaozengqing/github/销售训练qoder/backend
configfile: pyproject.toml
plugins: cov-7.1.0, asyncio-1.3.0, langsmith-0.8.3, anyio-4.13.0
asyncio: mode=Mode.AUTO, debug=False, asyncio_default_fixture_loop_scope=None, asyncio_default_test_loop_scope=function
collected 5 items

tests/unit/test_newcomer_training_path_articles.py ...                   [ 60%]
tests/integration/test_newcomer_training_path_article_api.py ..          [100%]

=============================== warnings summary ===============================
../../../../../opt/homebrew/lib/python3.11/site-packages/passlib/utils/__init__.py:854
  /opt/homebrew/lib/python3.11/site-packages/passlib/utils/__init__.py:854: DeprecationWarning: 'crypt' is deprecated and slated for removal in Python 3.13
    from crypt import crypt as _crypt

-- Docs: https://docs.pytest.org/en/stable/how-to/capture-warnings.html
========================= 5 passed, 1 warning in 2.92s =========================
